<?xml version="1.0" encoding="UTF-8"?>
<!-- Generated by org.testng.reporters.JUnitReportReporter -->
<testsuite skipped="0" hostname="DESKTOP-3EC2HSJ" name="GelCareers.GelCareers.Carrier_1" tests="2" failures="0" timestamp="2022-11-01T17:48:03 IST" time="48.713" errors="2">
  <testcase name="AfterMethod" time="0.145" classname="GelCareers.GelCareers.Carrier_1">
    <error type="java.lang.RuntimeException" message="org.openqa.selenium.UnhandledAlertException: unexpected alert open: {Alert text : asdsad@asdsd.com|3|1|Custom|Duty|officer|1995-04-27|sadasd,dxfdf|1|1|NA|NA|NA|0|0|0|0|undefined|&lt;/textarea&gt;&lt;/textarea&gt;&lt;/textarea&gt;&lt;/textarea&gt;&lt;/textarea&gt;&lt;/textarea&gt;&lt;/textarea&gt;|&lt;/textarea&gt;&lt;/textarea&gt;&lt;/textarea&gt;&lt;/textarea&gt;&lt;/textarea&gt;&lt;/textarea&gt;|NONE|2147483647|2147483647|asdsaddasdsadadasdasdsa|Yes|S05|1|1|14|jpg|/9j/4AAQSkZJRgABAQAAAQABAAD/2wBDAAYEBQYFBAYGBQYHBwYIChAKCgkJChQODwwQFxQYGBcUFhYaHSUfGhsjHBYWICwgIyYnKSopGR8tMC0oMCUoKSj/2wBDAQcHBwoIChMKChMoGhYaKCgoKCgoKCgoKCgoKCgoKCgoKCgoKCgoKCgoKCgoKCgoKCgoKCgoKCgoKCgoKCgoKCj/wAARCAGQAoADASIAAhEBAxEB/8QAHAAAAgMBAQEBAAAAAAAAAAAAAgMAAQQFBgcI/8QAPBAAAgIBAwMCAwUHAwMEAwAAAAECEQMEEiExQVEFYRMicQYygZGhFBUjQlLB0WKx4Qdy8DNDgvEkJVP/xAAZAQEBAQEBAQAAAAAAAAAAAAAAAQIDBAX/xAAgEQEBAQEAAwADAAMAAAAAAAAAARECEiExA0FRE2Fx/9oADAMBAAIRAxEAPwD6BSLVFEPFr64uAlQBaCjC7AJlpkBoJAplpkBoNMBBIimJhICISIDQS+gKCRASXsEl7AoNBdEuBkRfAcWQ0+NIdGRni+BkWQP7lrgFOi0wlOhwMUutiEwosms40KRUuvAtBBMWnQLb7kbVAsNJITNjGxUmnyNWF5HxyjNkfDsdkkjLklZY1SMj4ZiyPk1ZXaMeV8liaz5nRiyvh2jVlMeV8Gmay5jHmfWkjTl4uzNk7lRmnX/iM80jRMRkdciBM68GeaV9B83aYmXJpkmaXsJml4HyFSRpCJJeBUkvA+YmRqVCZJeEKkl4Q6QqSNymEyS8ANLwOkgGjUqYTJLwgGl4Q2SFyRqVC2l4BaXhBsFmpUoHXgFpeA2AzeoFpeEC0vCCZTACSXhC2l4Q1gMoW0vCFyS8IcwJEQhxXhC3FeEOkhciBbivCBcV4X5BsFgLcV4/QFxXhDGCEA4rwgXFeEGymAtpeEBJLwhrFyKhbS8IFpeEGwWVQUvCJS8IsoCqXhFUvCCJQA0vCJS8IsgH6mIVZLPnPUIsCwkyKKwkwEEgo0wkCgkQEg0wEEiA48jELXYOyINBrgWnwXYDbLsWmFdkUdhxYpBwJVPgNTERYakQaIyCsVAdCEpdEC+hKQcWKa2y5LUlRGT1LgjkJ3FqQMNsFsFy4YLkCCbFSfuSUhcnwGoXlZkyOx+R88mWcuxqLSsjZlzPkdlsyZXwaZpGVmTLyzTMzzRWWPKZshqyLhmXJ0YRlyLlMRkNGQzz6mis7VKkKa5HSFSKhchMkNkLkWITITJD5C2ihTiKlE0NASRZRncRckaGhcompTCGhUkaJIXOJuVMZ2gGhzQuSNSslMpoNoFo1KlA0DQxoGjWoW0U0MaKoahNAyQ6gZIaM8o9RLRqkhU1RNGdoFoZJANE0KaKYxoFl0LZTCaBaLqBYqfUaxUywADQTKKBKYVAtFRRCygLKIRAfqBMJMWmWn7nzXsMTLQCfhhJhRoJMBdepbfBE01Oi7FxbCsgYmFfACfuFu8AGmGnwKQSZENUgtwtMuyKbuLvgVZe7gKcnwHFmfeHGRKrRF8WGpcmdPgYpGVacUluOjhyRUPDOPF8j45GNZ658mjNNOToUpdSrsq66E1ZMMTCUuRSYSfJA1SKbAUi3IqJJ11FzfBcmKnLsiqXNN2+yM2Tqx02ImyjPkM2Q05DPk7mozWaaM+XsapozzXk0jHkMuTubMq6mXKuoRkyLkyZDXk4MuRcs0M8hUh0xMghcxMhsxUjUQDBYTKKAaBaDZQCpIW0PaBaLKrPKIqcTTKIqaN6jNJCpI0TQmSNazSWgWhrQDRZUBRTQTKZpkDRTDKZQsFoY0CyaFSQmaHyFT6DQhoXJDZAMBTQLQ1gNALaBkMkgGVC2hUkOYD4RdQpoBjWBI1qAKCKKoSmEQCiJllAfpmNsPt15F264oKL8o+dXqGn5Cuhal+YW7jkmmmRZa+oq/ASlXFk1Tr+oSbE7uAlMahqfZ8B8UIu+hafBA5SoNS4M6kFuCn7i91ISpF7kQPjIm72FJquC0yKcmMhIz7g4sg0J8BqRnixqZlo6L5GRkIXUZFkDlK2EKi+Q01TAK2i0wLI2FHZd8C9xdlMFJiZMOTFyEQEmIyDn3FTNQZsgmY7IhMupqJhEzPkNU0Z8i4KyyZOTLlNeRGbIrTCMORGbKuTblRkyosGWYmQ+aEyNITPoJkOn0EyNRAMphMFlRTBYTKYFMGgimAElwJkhzFyKETiIkjVJCZo3KM7QDQ6SAkiyoU0CMaAaNyshKCaKKyCQDDYLM6pchUh0hTARJAMbNci2gFsFjGAyoBgSGMXIoXIXIaxckVC2Cw2gWXUCymEU0VAFB0DRVQouiqA/S/jkJ9PAuPKCPmvUNfXknYFdC7AJMLtYHQLsEXaZa6g2q6clqXgimpl3aAulwWnwAa9wrpAJ8F2QFZYCYQUaZd8A3ZcWRTIuhkWKT/EKLJQ5MZFiIsbFmVOixkWIixsSKamGhaYS5AJeS0vBF0CBqirJ5KZVRsXJltlTlvkuEu3BU0Lar3ByKoqXZ3+hxvtT6vH0t48WP5s7ju9kjyj+2eq0+bG8sIzwc7l359yyM3p7nLIzy6l6PV4PVdBi1uimpYpx+bzFrhp+5TKS6FoTkQ9oXNcFKw5UZsiNuVGXIioxZFwZMq5NuRGbL1ZUYsiETRqyIz5EWIzT7iJGmaETXJqIWwWEwWUUwS2UVEBbI2A2BGxcmRsGyiMXJBgyLAmSFyQ6QtlCmgGNaAZqVmltAsNlM1rJbAYxi5EASFsZIXIKXIW0NYtgLaAY1gNBMKYEug1i5FQtgMYwGaC5AhyAZYgWigmUyoGigiFAkoKiqA/RyfHUKxfJaXsfOeo2MglJCk6CQDUy7QtEqwhpOwBCKYnRe4WmEnwQMTLvyL3BJuhoYghaCRNUaZaYHJa6ck1TFJV7hxYlUMgQOi+BkWhK6Bx7EU+L5GR7CIjEyB6XAaYmLDUgHJhWJT5DsAnyA2MUZSi3FWkJfuU0yGNzTrlrwDFJb4yXO1tfVc/5JjbU4yi3GSfEkL+0eVY/S554NY5qmpLo+a/D/zyakZtx8y+02qlr/Vs2Tte1fRHI1GlWTFPHLpKNX49zq5MD+O5PlN9QNTFQZdZeY+y32l1P2a9Qyxknk083WXE3w+eq9z7P6dqdP61osvqOjmp4m06XZt8pnw37Q6NLNLLBVu54O9/0p+0S9I9Yei1c9uh1q+FO+kJP7svzo19TcfUpKgJK0zTrcUsM0peEJxrfwZdGLIjLkXU25kZMhqIx5UZciNuRGTKioxzRmyI2ZEZsiKjLNCZo0TQmZYjPJA02NceS1GzSEODBcGbFiYEoUTVxjlFi5WjXOIiaLExnYIUlyAyiNgyLbBZVCwGGxcioGQDDYDNRKBgMNgsMgYEg2DIoXJC2hrBaASxbQ2SBYCmAxrQtlC2gGMkgGEKkA0NaFtGkLYLQxopoqFUVQxoFooCiqDolFQFEoOiUUfohFlEs+c9Qi0wbLIg7LALTANMsFMtAGmT3oAJN9mShiLQFui105MqYi+wKfBL8BTE7CbF2W7pckDE0EuolPkZF8EU6LGJiE3QyLIHRYyLQmLDQDkMTEphp2MDb6Fp0BFl2VZTFklGLSfDFufIMpUgVyA+D44OR9rs0l6WoRnsn8XmL6SVU0/0f4HZwNfFhf3bSf0PKfb3M4rS6dffW6U17Lg1Geq85gbU9rT2t8pi/UKVtdAsc7xJv7y/VGbPku75TLjLk6zGs0JRZ5LUY3g1EotU0z1+VqM2r4OB65H5lKufPkso+r/YX1+PrPoGHR6ie7WYYvHuk+ZJfd/2o72CLjKN9HTPgXofqeb0vXw1GnlyuJRb4ku6Z9M9E+3mLVaj4Wrw7FOmpXypd0/Z+TWakuenrssE1J9row5sb7DdP6ro86mvj41HI/lbfSSYWnni1UMksM1Nw+/FPmPkmNa504cGPKuTsZML5SRgz4WoqfZtr8v/ALA500Z8iNeSNGfKijHNCnDhvsa1j3SoTnkm9sfuoqM20uKLotIo0Yfh0977cGXNXYdGEpJ0uF1fgRljSsGs8zPkGZJGecioXMS2HNi2aEIQphAsBhsBlUDAYUmBJmolUwWXYJWAsFhsBgCUwmC+oC2gGhrQLQCZIW0OkgGihLQDQ6SFtFQpoBoc0A0UKoqhtE2lQlxBcR7iU4lQmiqG7SbShW0m0btJtKPvtksGyWfPegdl2BZLIGWRNJcAWSwGplpiky7Iptl2LslkDky7EphJkDov3LbvoK3UFvS+hA1EsBSLUl9fxJQ1BpibVf8AIcWRTosbH9REH0GqXgppqfIcWJQyL4pgNi7YaYpMJSAam+C3LgWnYe19ygGwovlFbGwlFpriwrTgUZ5YRfCk6PB/brP/APuJNtqSiotPs+jPcaqUdKo5HJfDfzQk+68fU+c/b/W49X6k88ZLhctdzUmM3258dQmkp8xfSS6r2EarJsi2mmn0fY5K9RWKVOtjXzWY9V6qk3sueJ+S4h+XWRcufo/KMHqGSOXG4Xz2s5+r1Cm3kxvjv/5/c52bVyaqy4mqy5dj60ysetlDLBxlXzL/AHMmpbyQjO+vD+phuUZx57o3Ixa7UvXM2PNki8ktu99+nJ1NJ9r9Vgz49Tp88oamPEpRfE17+54fUSfxZu/5n/uIeRp8M3jGvt2g/wCo8srg8jinJbZxca2vtJe3ldj0/p32p9P9TwzjvjizW5/Dk+jdbkvxS/M/N+LUyj3Ztw6/LFpxk7Xe+ReYs7r9ETlCabhJP6GacWz476Z9pvUNPKO3PKlxy+q8M956J9stNnwVr08c4L53GN7vCM+OOk7lejyrbjcV96S5+nZfiY8mNwUXPhTVxb8efoc3U/a7Qx3ZMemyZ538sJvbH6yrl/Q896p9qNdrJylFRhKXWVW/ouyQxdewk8UMUs2aaxw/kTfMvf6e5hyer6DD/wCrnuX9MFb/AB8HgNRq9XqJuWXNKcn3bsDFGSfzETa+gS+0WnnHZixSaXvUV/ll/vXBkw7eEu8l1fsl/c8TCTSOt6Hp56zJklKShhx9W+rfsIa6ebLvlceF2QpsmRxTe267WBZpUbBbLkqAsoIoqyrCJIXINci8iphQSYDZcgGaiIUU2VZWUsqyMoCMpllMqKBaCIwFNC2h7QEkAloBoa0C0VCWgWhzQLiWBVEoZtJtNIXRTiO2lbShO0m0dtL2lCNpNo/aTaEfa7LsAlnz3oMsli7LsA7JYCZLAZZdi7JZFM3BJirLsIamS6Fpl2QO3cFb15Qu+CmuCVWiMvqEpd2Ig6VPkNSINCl5GRZlUmNxz8kGiMqGRfJnUkxilyFaIvkYhMXYSkEPTL3IVuLTKpu5ov4sl/M/zE2RyssK0R1GRfzP8QlqmnclF/gZWwXXWcqXt1KivtBq9Lm9NnCW5J88OnGXlXwfJPWMsZymo5eV0Uo/3R7n7X6/4el+Etyc1xbt0fNdVbbKSOdP48rqMZ1/S7MOSbtppp90zdkik7M+XJJqpfMv9XJYljC7UrQnLBctdDY9t8KhWWNpmtZc6cvknD/5L6r/AIMUn8y+ptzRcZ2Yssaf4m4xWPNK5S+rM8/u2Oyqk2JTuLRuOYFIdhk7RjUjVpv6n0KkdLC6o6EMrhGMb5fzP+xzNK901fTq/oalNym2+rMtx1sObckn1NFL8Tm4pfCin/PJceyNennZix1laFHkNRLgr+pu9P0k9TlUMcbbMLQaPRZdTkjDHHl9/B6WGihotO8Oixzb/wDcyPu/7HY9Kw6X0jGpZoY3NrrkfH6HL9U1stTnk4znOF/LGmor6I1EYseFZFNymo7VYmMW2klbfRDpY5prfwnzS6lPMoOsdfEapNc7V/n3NLsJz8T2rtw/qLNGDS5dRkUMUd0n2Q/No/2bLLFKUcmWPDUHcYv69wn1z2U2a8ukyRx73GST6cdQIaWTxvJk+SC7vuNVm3ULlK+o/UYnDHGdNRfRvjd9PJlbLCo2Cy2CzSKYLLBYRbKIQCFMhConYosoIpgtBlNFCpIBoc0A0ELolB0VRoDRKColGkDRNodEooXRe0ZtL2lCtpe0bRKA+uWXYNkPnu67JZRQBWSyiWQFZAbJYB2XYFkT5IGJl2BZLAYmWpC7JZA3dRd31FphWFNTDjIz3zyHFhWmMuBsZGVMYpEGuEw1IyRlz5GKXQI0qXIakZ1LkZF+5TTdxE2yoU31S+rNUYYYK82STXjHG2WQtJSX8yb+jMHrPqePQ6bdH4eNv7r6yf0b/sD6165HS4ZQ0OlUZ/8A9MvzNfh0PnfqmrzanNLLqMksmR9ZSfI+E9p6nrJanLKc5W33bOPm2NvdkSXsmy8krbMmSfIaKzKD6OT/AAoyZIr3/I0SyRXW2LeSL7GmazODF5I0a5Si1wZpyi+6X4lRhywTObqtsJ7WzstRk6Uot+zOD6/H4bjOHTv7Gub+nPr1NI1WP+DJrwcqM+q7o7Ohk82jafLOU9PL9qaiuOp1jj0zq93JrxtuKrp0GZtI1Hhci3/AxST+81+pUjdpZpRkk+ao24El80laXbyzl+nQk7b7nVgvwSM105OhunK3bkzdpopSVu34Rmxrikqj/v8AU24UlTMWukdbSaaWWlBX7I9h6dl0fouh3z2vPJct9jyeg1i08Nz7HP8AUvVsuom05vb4JIWvS+ofaOGplJLGopdK6s5GX1aTkuaXZLseeWZvuXvNYmu/L1BzXzTb9hT1rXRnG3vyWsjQNegw+qZIRrF8t8N3ybdD6ioNOfNeef0PLwzvuOhqHRFe9x+uaScduaM8n+ltJP6+S82tebnS6fFCXac2pNfS+F+R4NaiSfU26f1SeHtfsxq46mq0+pnllPK3km+snLd+pklCUXTVD8H2l2rbk0mGa88phT1sNYvkjPGvCkq/2NGsbBbGyhXdg7PqFKYLY7JhlGG6S2x7Xxf0EMqJZLKIVFkKsgFkKLKi+xRaIq7lQDKo0RhudRi2yPGqsIzUVQ6UUugto1ANF0FRKKgaLoKi6NAaJQaRdFAUShlEoD6kSyiHz3YRLBIAVkBLsgshRAqywSyAi7AJYB2SwC7IDTLT5ATJYUwJMUmEmFOjIZF8meLGKQRoUg0xEWMUgNEWGpCFLgKLLEN3PsGo7o/O0vcDG4J3PdXiKEepet6bQYX+zadZtT2eXmMfeu5Vcn7QPDpsW/Im933d3G76Lx7nhdXleXI3VI6fqmpz6zUTz6vJPJll1lJ8/wDH0OTKLbM63zGfI1GLbOJrtVJN7EdfVRlLijnz0Tn1RecTqWuDnzZ8jrfIvT6TNPmWSdfU7UdDji7at+5ox44XXFnTy/jn4f1x9WnotFkytye1Xyzyub4+fGpZXOUsj4irbbfRJeT2H2ljfpmauys8766s/py9MyYJSxTX8XHkjw1KLVNfQ3y5duF6ppNf6TrXh1mDU6TUxSlsypxlT6MfovU5Z/4Ot5UuFP39yvWvU9f616hk13quqyavV5ElLJkfNLouOEjn48dzUa4fB0slcvj2fpWi+HFp01fY6um9KxyeSaj1VdDifZfUTy4vh5HcoPa77+D3npGNTxqNdeDltldpljyuq9P2yfHB5/UaKU9Rf8qPpPq2CGDHOc1wkeReL+HKVctmvJnxcaco6WC8mv0uf7Vbkqijn6jS5tTqnuW2C4R6D07TQ0+CMYr6tk6uReZtPhGEVSx2/MmO+M0vlhiX0gv7ghbbRz11wnPqpxjVr8Ekc7JllJ8mrWR/h34OdJm459HRyUEsjZnTGRNMnpjIsShkWFMUqDT9v1FqmVJJdyKcpuwnO+7M6fIW5kb0bfPU0afM4Pt+JjkylKujaLGa9Po9XFVez8Ub3rIRj/DlGL/0RPGwztd0aMOokpXbRU119RleSbbbb8t2xLD00oZkk5tP/tsbk01fdmpfg0VrWYouSafJQRC7BJZQSLBTGQXkouMGzRhwOctsIynLxFWysfEeOX0SQyesy6XHPDDPKCu5qEqt+BEvovUbtM7aywkuU3HbRmzeqOUnLJGMpd5L5W/r5Obrde5yaUm19Tl5c7b6m8c7Xf8A2zFlkmp7H4fCCeRxSbi3HzHk8tLM13JDVSg+JNIqeT2OOEMuFZMeRNJ1NPrDw37e4MouMtr6nC0mte5NOp+TpYtTvpN/QrWtaQVchRalBNd3/YJRLFCkXtGKIW0oVtJtG7SbSj6NZLBsh852EQElgHZYFl2ARLBsqyKOy7F2XYBFgWWmQESwLLsA0y7AslkU2yr5BT4LTANMNMUmEmA+Mg0xCYcWVDlLoNjLgy7qJ8T3A2we+STnGP1sxesYNHjxSyT1Ep5O0ccO/wBX/gnx1G2+X4OX6lmk09qvJ79irK4GrSU6ap+DDnuK4i6+gepz5fiNOcn/ANsqQUcuL4dZMmRt9uf7nOukczJlgvvJ/gIlq8HS2n7o6U9NinzFtfUy59Fi28/oWYe2CWaMn8rTE526tPlB5dHTbxyEvcotTXJ0jF/2TqJR1enlim+ZJp+5r0WLRfaL7PQ9D10Y4fXdA3PS5JSqOoh3V+f8HMypwnaNMdJj9SxxuTx6jG90MkHUovyjWa4157U/ZrWxnLDH0vVxy9Ftg5L8+howfYr1TBjjqNdppYI9Ywl976vweon6/wDav0GCp49XjrjJstv6nP8AVv8AqJ61rdJLFrcWCKpq1Gmhf8l+MXHlfs+/h+ramK6KR9D9My/CaZ87+zeJwWTUSbe5vlnrtFqt9JPk119Xj46H2g1D1GZqP3Dz/qOow6LSvLnk1FcJLq34O1qsbcNzPBfaLW6n95Ys2mbhHSZYuE0rSyL5k/0Qk24vV8YR6p6vqseeWKGGellHrHJBxmvqn0MuH1TWZHt+PNS+oz7Reteq/af1rU+q+taier1+eviZXFLhKkqXCSSEelaSebXYYRVtu39DrZI471Xa9K9QzfHhDUTct3Cs9IsiqjzOt07w+o6TFji9+9cHa9ahl0kseXH06NHKzXbjqyex6p/JJI40p8s3PMs+HdHrXQ50ncmIdGwfI6LEwQ6KKSGxGpCojoImtYJcFT5XT8i5OgJMsRSddQrFsq6AY5AS59mU3ZUgVFNp8j4TMbGY2+5WXRw53jkmmd/QesQ2KGVKa/1wUv14Z5Ry44D02SSycGoPW6nU6LLytNKL/wBGRpfk7ME5Qt7IyS95X/YvTuOXDclQqfDoNRLIwS0wCQ6HLXNCEOx22kurKHarOtNgjkjw5WsS78dZv/Zf8Hl9Xq5OLSfU7nr2WOWe/Hxix44YMa+itv8AFs8xn5bNRz6pM877ipZmypq2Wsb8GnMpzkRSY74L8AODXYqG6fJTOpp83KVnGjwzXp5/Mgsr13p7eSEUubZtjE5HomWs6V8dUdyC6e5qOkodpe0ZRdFUraTaNolFHubKsops+c7Csu+ALJZAVk3AWU5BTLJYvcSyBlk3CtxdgN3E3CtxNwU6yWK3E3kDrJYrcTcA5S9y0xO5BKQDkwtwncXuoIcpBKdUZlIp5KA17+AZT4MjzN9A8ankkoQjKc30jFW2UMjvyN7IylXhHM9Sc1ujJqK7q7Z19XjwaDDeqyqeof8A7ON2o/8Ac/PsvzPNazUSz5HJ1GPaK6IUk1z5w+Z0B8FvtZrjjlN1FNm/T6KTrdS+ro5u09OZixJKnF35Kz6ZShW2V/6Wmepxemw2qW+N+LM2r0WNu/iRT+jKza8HqsWXDNuLU4e6poXs+LG3Gmeq1miTi7y42vLT/wAHKnpUn8s8UvpL/KNxmvPanTvlpGfCp4silBtNHo8milL+Xj25M0vT3F27/I1KxYmH1L+A45o3x1R5L1rTLX6nbBbYN8uj1EsUbcerRmz6XfDhVZqXGbzrzGojDSYceDCvkiP9Lyyeogl3Y7LoceDUTya9yjhpKL8HWwehw2Q1GkyRnCSuMkzUm}
  (Session info: chrome=106.0.5249.119): asdsad@asdsd.com|3|1|Custom|Duty|officer|1995-04-27|sadasd,dxfdf|1|1|NA|NA|NA|0|0|0|0|undefined|&lt;/textarea&gt;&lt;/textarea&gt;&lt;/textarea&gt;&lt;/textarea&gt;&lt;/textarea&gt;&lt;/textarea&gt;&lt;/textarea&gt;|&lt;/textarea&gt;&lt;/textarea&gt;&lt;/textarea&gt;&lt;/textarea&gt;&lt;/textarea&gt;&lt;/textarea&gt;|NONE|2147483647|2147483647|asdsaddasdsadadasdasdsa|Yes|S05|1|1|14|jpg|/9j/4AAQSkZJRgABAQAAAQABAAD/2wBDAAYEBQYFBAYGBQYHBwYIChAKCgkJChQODwwQFxQYGBcUFhYaHSUfGhsjHBYWICwgIyYnKSopGR8tMC0oMCUoKSj/2wBDAQcHBwoIChMKChMoGhYaKCgoKCgoKCgoKCgoKCgoKCgoKCgoKCgoKCgoKCgoKCgoKCgoKCgoKCgoKCgoKCgoKCj/wAARCAGQAoADASIAAhEBAxEB/8QAHAAAAgMBAQEBAAAAAAAAAAAAAgMAAQQFBgcI/8QAPBAAAgIBAwMCAwUHAwMEAwAAAAECEQMEEiExQVEFYRMicQYygZGhFBUjQlLB0WKx4Qdy8DNDgvEkJVP/xAAZAQEBAQEBAQAAAAAAAAAAAAAAAQIDBAX/xAAgEQEBAQEAAwADAAMAAAAAAAAAARECEiExA0FRE2Fx/9oADAMBAAIRAxEAPwD6BSLVFEPFr64uAlQBaCjC7AJlpkBoJAplpkBoNMBBIimJhICISIDQS+gKCRASXsEl7AoNBdEuBkRfAcWQ0+NIdGRni+BkWQP7lrgFOi0wlOhwMUutiEwosms40KRUuvAtBBMWnQLb7kbVAsNJITNjGxUmnyNWF5HxyjNkfDsdkkjLklZY1SMj4ZiyPk1ZXaMeV8liaz5nRiyvh2jVlMeV8Gmay5jHmfWkjTl4uzNk7lRmnX/iM80jRMRkdciBM68GeaV9B83aYmXJpkmaXsJml4HyFSRpCJJeBUkvA+YmRqVCZJeEKkl4Q6QqSNymEyS8ANLwOkgGjUqYTJLwgGl4Q2SFyRqVC2l4BaXhBsFmpUoHXgFpeA2AzeoFpeEC0vCCZTACSXhC2l4Q1gMoW0vCFyS8IcwJEQhxXhC3FeEOkhciBbivCBcV4X5BsFgLcV4/QFxXhDGCEA4rwgXFeEGymAtpeEBJLwhrFyKhbS8IFpeEGwWVQUvCJS8IsoCqXhFUvCCJQA0vCJS8IsgH6mIVZLPnPUIsCwkyKKwkwEEgo0wkCgkQEg0wEEiA48jELXYOyINBrgWnwXYDbLsWmFdkUdhxYpBwJVPgNTERYakQaIyCsVAdCEpdEC+hKQcWKa2y5LUlRGT1LgjkJ3FqQMNsFsFy4YLkCCbFSfuSUhcnwGoXlZkyOx+R88mWcuxqLSsjZlzPkdlsyZXwaZpGVmTLyzTMzzRWWPKZshqyLhmXJ0YRlyLlMRkNGQzz6mis7VKkKa5HSFSKhchMkNkLkWITITJD5C2ihTiKlE0NASRZRncRckaGhcompTCGhUkaJIXOJuVMZ2gGhzQuSNSslMpoNoFo1KlA0DQxoGjWoW0U0MaKoahNAyQ6gZIaM8o9RLRqkhU1RNGdoFoZJANE0KaKYxoFl0LZTCaBaLqBYqfUaxUywADQTKKBKYVAtFRRCygLKIRAfqBMJMWmWn7nzXsMTLQCfhhJhRoJMBdepbfBE01Oi7FxbCsgYmFfACfuFu8AGmGnwKQSZENUgtwtMuyKbuLvgVZe7gKcnwHFmfeHGRKrRF8WGpcmdPgYpGVacUluOjhyRUPDOPF8j45GNZ658mjNNOToUpdSrsq66E1ZMMTCUuRSYSfJA1SKbAUi3IqJJ11FzfBcmKnLsiqXNN2+yM2Tqx02ImyjPkM2Q05DPk7mozWaaM+XsapozzXk0jHkMuTubMq6mXKuoRkyLkyZDXk4MuRcs0M8hUh0xMghcxMhsxUjUQDBYTKKAaBaDZQCpIW0PaBaLKrPKIqcTTKIqaN6jNJCpI0TQmSNazSWgWhrQDRZUBRTQTKZpkDRTDKZQsFoY0CyaFSQmaHyFT6DQhoXJDZAMBTQLQ1gNALaBkMkgGVC2hUkOYD4RdQpoBjWBI1qAKCKKoSmEQCiJllAfpmNsPt15F264oKL8o+dXqGn5Cuhal+YW7jkmmmRZa+oq/ASlXFk1Tr+oSbE7uAlMahqfZ8B8UIu+hafBA5SoNS4M6kFuCn7i91ISpF7kQPjIm72FJquC0yKcmMhIz7g4sg0J8BqRnixqZlo6L5GRkIXUZFkDlK2EKi+Q01TAK2i0wLI2FHZd8C9xdlMFJiZMOTFyEQEmIyDn3FTNQZsgmY7IhMupqJhEzPkNU0Z8i4KyyZOTLlNeRGbIrTCMORGbKuTblRkyosGWYmQ+aEyNITPoJkOn0EyNRAMphMFlRTBYTKYFMGgimAElwJkhzFyKETiIkjVJCZo3KM7QDQ6SAkiyoU0CMaAaNyshKCaKKyCQDDYLM6pchUh0hTARJAMbNci2gFsFjGAyoBgSGMXIoXIXIaxckVC2Cw2gWXUCymEU0VAFB0DRVQouiqA/S/jkJ9PAuPKCPmvUNfXknYFdC7AJMLtYHQLsEXaZa6g2q6clqXgimpl3aAulwWnwAa9wrpAJ8F2QFZYCYQUaZd8A3ZcWRTIuhkWKT/EKLJQ5MZFiIsbFmVOixkWIixsSKamGhaYS5AJeS0vBF0CBqirJ5KZVRsXJltlTlvkuEu3BU0Lar3ByKoqXZ3+hxvtT6vH0t48WP5s7ju9kjyj+2eq0+bG8sIzwc7l359yyM3p7nLIzy6l6PV4PVdBi1uimpYpx+bzFrhp+5TKS6FoTkQ9oXNcFKw5UZsiNuVGXIioxZFwZMq5NuRGbL1ZUYsiETRqyIz5EWIzT7iJGmaETXJqIWwWEwWUUwS2UVEBbI2A2BGxcmRsGyiMXJBgyLAmSFyQ6QtlCmgGNaAZqVmltAsNlM1rJbAYxi5EASFsZIXIKXIW0NYtgLaAY1gNBMKYEug1i5FQtgMYwGaC5AhyAZYgWigmUyoGigiFAkoKiqA/RyfHUKxfJaXsfOeo2MglJCk6CQDUy7QtEqwhpOwBCKYnRe4WmEnwQMTLvyL3BJuhoYghaCRNUaZaYHJa6ck1TFJV7hxYlUMgQOi+BkWhK6Bx7EU+L5GR7CIjEyB6XAaYmLDUgHJhWJT5DsAnyA2MUZSi3FWkJfuU0yGNzTrlrwDFJb4yXO1tfVc/5JjbU4yi3GSfEkL+0eVY/S554NY5qmpLo+a/D/zyakZtx8y+02qlr/Vs2Tte1fRHI1GlWTFPHLpKNX49zq5MD+O5PlN9QNTFQZdZeY+y32l1P2a9Qyxknk083WXE3w+eq9z7P6dqdP61osvqOjmp4m06XZt8pnw37Q6NLNLLBVu54O9/0p+0S9I9Yei1c9uh1q+FO+kJP7svzo19TcfUpKgJK0zTrcUsM0peEJxrfwZdGLIjLkXU25kZMhqIx5UZciNuRGTKioxzRmyI2ZEZsiKjLNCZo0TQmZYjPJA02NceS1GzSEODBcGbFiYEoUTVxjlFi5WjXOIiaLExnYIUlyAyiNgyLbBZVCwGGxcioGQDDYDNRKBgMNgsMgYEg2DIoXJC2hrBaASxbQ2SBYCmAxrQtlC2gGMkgGEKkA0NaFtGkLYLQxopoqFUVQxoFooCiqDolFQFEoOiUUfohFlEs+c9Qi0wbLIg7LALTANMsFMtAGmT3oAJN9mShiLQFui105MqYi+wKfBL8BTE7CbF2W7pckDE0EuolPkZF8EU6LGJiE3QyLIHRYyLQmLDQDkMTEphp2MDb6Fp0BFl2VZTFklGLSfDFufIMpUgVyA+D44OR9rs0l6WoRnsn8XmL6SVU0/0f4HZwNfFhf3bSf0PKfb3M4rS6dffW6U17Lg1Geq85gbU9rT2t8pi/UKVtdAsc7xJv7y/VGbPku75TLjLk6zGs0JRZ5LUY3g1EotU0z1+VqM2r4OB65H5lKufPkso+r/YX1+PrPoGHR6ie7WYYvHuk+ZJfd/2o72CLjKN9HTPgXofqeb0vXw1GnlyuJRb4ku6Z9M9E+3mLVaj4Wrw7FOmpXypd0/Z+TWakuenrssE1J9row5sb7DdP6ro86mvj41HI/lbfSSYWnni1UMksM1Nw+/FPmPkmNa504cGPKuTsZML5SRgz4WoqfZtr8v/ALA500Z8iNeSNGfKijHNCnDhvsa1j3SoTnkm9sfuoqM20uKLotIo0Yfh0977cGXNXYdGEpJ0uF1fgRljSsGs8zPkGZJGecioXMS2HNi2aEIQphAsBhsBlUDAYUmBJmolUwWXYJWAsFhsBgCUwmC+oC2gGhrQLQCZIW0OkgGihLQDQ6SFtFQpoBoc0A0UKoqhtE2lQlxBcR7iU4lQmiqG7SbShW0m0btJtKPvtksGyWfPegdl2BZLIGWRNJcAWSwGplpiky7Iptl2LslkDky7EphJkDov3LbvoK3UFvS+hA1EsBSLUl9fxJQ1BpibVf8AIcWRTosbH9REH0GqXgppqfIcWJQyL4pgNi7YaYpMJSAam+C3LgWnYe19ygGwovlFbGwlFpriwrTgUZ5YRfCk6PB/brP/APuJNtqSiotPs+jPcaqUdKo5HJfDfzQk+68fU+c/b/W49X6k88ZLhctdzUmM3258dQmkp8xfSS6r2EarJsi2mmn0fY5K9RWKVOtjXzWY9V6qk3sueJ+S4h+XWRcufo/KMHqGSOXG4Xz2s5+r1Cm3kxvjv/5/c52bVyaqy4mqy5dj60ysetlDLBxlXzL/AHMmpbyQjO+vD+phuUZx57o3Ixa7UvXM2PNki8ktu99+nJ1NJ9r9Vgz49Tp88oamPEpRfE17+54fUSfxZu/5n/uIeRp8M3jGvt2g/wCo8srg8jinJbZxca2vtJe3ldj0/p32p9P9TwzjvjizW5/Dk+jdbkvxS/M/N+LUyj3Ztw6/LFpxk7Xe+ReYs7r9ETlCabhJP6GacWz476Z9pvUNPKO3PKlxy+q8M956J9stNnwVr08c4L53GN7vCM+OOk7lejyrbjcV96S5+nZfiY8mNwUXPhTVxb8efoc3U/a7Qx3ZMemyZ538sJvbH6yrl/Q896p9qNdrJylFRhKXWVW/ouyQxdewk8UMUs2aaxw/kTfMvf6e5hyer6DD/wCrnuX9MFb/AB8HgNRq9XqJuWXNKcn3bsDFGSfzETa+gS+0WnnHZixSaXvUV/ll/vXBkw7eEu8l1fsl/c8TCTSOt6Hp56zJklKShhx9W+rfsIa6ebLvlceF2QpsmRxTe267WBZpUbBbLkqAsoIoqyrCJIXINci8iphQSYDZcgGaiIUU2VZWUsqyMoCMpllMqKBaCIwFNC2h7QEkAloBoa0C0VCWgWhzQLiWBVEoZtJtNIXRTiO2lbShO0m0dtL2lCNpNo/aTaEfa7LsAlnz3oMsli7LsA7JYCZLAZZdi7JZFM3BJirLsIamS6Fpl2QO3cFb15Qu+CmuCVWiMvqEpd2Ig6VPkNSINCl5GRZlUmNxz8kGiMqGRfJnUkxilyFaIvkYhMXYSkEPTL3IVuLTKpu5ov4sl/M/zE2RyssK0R1GRfzP8QlqmnclF/gZWwXXWcqXt1KivtBq9Lm9NnCW5J88OnGXlXwfJPWMsZymo5eV0Uo/3R7n7X6/4el+Etyc1xbt0fNdVbbKSOdP48rqMZ1/S7MOSbtppp90zdkik7M+XJJqpfMv9XJYljC7UrQnLBctdDY9t8KhWWNpmtZc6cvknD/5L6r/AIMUn8y+ptzRcZ2Yssaf4m4xWPNK5S+rM8/u2Oyqk2JTuLRuOYFIdhk7RjUjVpv6n0KkdLC6o6EMrhGMb5fzP+xzNK901fTq/oalNym2+rMtx1sObckn1NFL8Tm4pfCin/PJceyNennZix1laFHkNRLgr+pu9P0k9TlUMcbbMLQaPRZdTkjDHHl9/B6WGihotO8Oixzb/wDcyPu/7HY9Kw6X0jGpZoY3NrrkfH6HL9U1stTnk4znOF/LGmor6I1EYseFZFNymo7VYmMW2klbfRDpY5prfwnzS6lPMoOsdfEapNc7V/n3NLsJz8T2rtw/qLNGDS5dRkUMUd0n2Q/No/2bLLFKUcmWPDUHcYv69wn1z2U2a8ukyRx73GST6cdQIaWTxvJk+SC7vuNVm3ULlK+o/UYnDHGdNRfRvjd9PJlbLCo2Cy2CzSKYLLBYRbKIQCFMhConYosoIpgtBlNFCpIBoc0A0ELolB0VRoDRKColGkDRNodEooXRe0ZtL2lCtpe0bRKA+uWXYNkPnu67JZRQBWSyiWQFZAbJYB2XYFkT5IGJl2BZLAYmWpC7JZA3dRd31FphWFNTDjIz3zyHFhWmMuBsZGVMYpEGuEw1IyRlz5GKXQI0qXIakZ1LkZF+5TTdxE2yoU31S+rNUYYYK82STXjHG2WQtJSX8yb+jMHrPqePQ6bdH4eNv7r6yf0b/sD6165HS4ZQ0OlUZ/8A9MvzNfh0PnfqmrzanNLLqMksmR9ZSfI+E9p6nrJanLKc5W33bOPm2NvdkSXsmy8krbMmSfIaKzKD6OT/AAoyZIr3/I0SyRXW2LeSL7GmazODF5I0a5Si1wZpyi+6X4lRhywTObqtsJ7WzstRk6Uot+zOD6/H4bjOHTv7Gub+nPr1NI1WP+DJrwcqM+q7o7Ohk82jafLOU9PL9qaiuOp1jj0zq93JrxtuKrp0GZtI1Hhci3/AxST+81+pUjdpZpRkk+ao24El80laXbyzl+nQk7b7nVgvwSM105OhunK3bkzdpopSVu34Rmxrikqj/v8AU24UlTMWukdbSaaWWlBX7I9h6dl0fouh3z2vPJct9jyeg1i08Nz7HP8AUvVsuom05vb4JIWvS+ofaOGplJLGopdK6s5GX1aTkuaXZLseeWZvuXvNYmu/L1BzXzTb9hT1rXRnG3vyWsjQNegw+qZIRrF8t8N3ybdD6ioNOfNeef0PLwzvuOhqHRFe9x+uaScduaM8n+ltJP6+S82tebnS6fFCXac2pNfS+F+R4NaiSfU26f1SeHtfsxq46mq0+pnllPK3km+snLd+pklCUXTVD8H2l2rbk0mGa88phT1sNYvkjPGvCkq/2NGsbBbGyhXdg7PqFKYLY7JhlGG6S2x7Xxf0EMqJZLKIVFkKsgFkKLKi+xRaIq7lQDKo0RhudRi2yPGqsIzUVQ6UUugto1ANF0FRKKgaLoKi6NAaJQaRdFAUShlEoD6kSyiHz3YRLBIAVkBLsgshRAqywSyAi7AJYB2SwC7IDTLT5ATJYUwJMUmEmFOjIZF8meLGKQRoUg0xEWMUgNEWGpCFLgKLLEN3PsGo7o/O0vcDG4J3PdXiKEepet6bQYX+zadZtT2eXmMfeu5Vcn7QPDpsW/Im933d3G76Lx7nhdXleXI3VI6fqmpz6zUTz6vJPJll1lJ8/wDH0OTKLbM63zGfI1GLbOJrtVJN7EdfVRlLijnz0Tn1RecTqWuDnzZ8jrfIvT6TNPmWSdfU7UdDji7at+5ox44XXFnTy/jn4f1x9WnotFkytye1Xyzyub4+fGpZXOUsj4irbbfRJeT2H2ljfpmauys8766s/py9MyYJSxTX8XHkjw1KLVNfQ3y5duF6ppNf6TrXh1mDU6TUxSlsypxlT6MfovU5Z/4Ot5UuFP39yvWvU9f616hk13quqyavV5ElLJkfNLouOEjn48dzUa4fB0slcvj2fpWi+HFp01fY6um9KxyeSaj1VdDifZfUTy4vh5HcoPa77+D3npGNTxqNdeDltldpljyuq9P2yfHB5/UaKU9Rf8qPpPq2CGDHOc1wkeReL+HKVctmvJnxcaco6WC8mv0uf7Vbkqijn6jS5tTqnuW2C4R6D07TQ0+CMYr6tk6uReZtPhGEVSx2/MmO+M0vlhiX0gv7ghbbRz11wnPqpxjVr8Ekc7JllJ8mrWR/h34OdJm459HRyUEsjZnTGRNMnpjIsShkWFMUqDT9v1FqmVJJdyKcpuwnO+7M6fIW5kb0bfPU0afM4Pt+JjkylKujaLGa9Po9XFVez8Ub3rIRj/DlGL/0RPGwztd0aMOokpXbRU119RleSbbbb8t2xLD00oZkk5tP/tsbk01fdmpfg0VrWYouSafJQRC7BJZQSLBTGQXkouMGzRhwOctsIynLxFWysfEeOX0SQyesy6XHPDDPKCu5qEqt+BEvovUbtM7aywkuU3HbRmzeqOUnLJGMpd5L5W/r5Obrde5yaUm19Tl5c7b6m8c7Xf8A2zFlkmp7H4fCCeRxSbi3HzHk8tLM13JDVSg+JNIqeT2OOEMuFZMeRNJ1NPrDw37e4MouMtr6nC0mte5NOp+TpYtTvpN/QrWtaQVchRalBNd3/YJRLFCkXtGKIW0oVtJtG7SbSj6NZLBsh852EQElgHZYFl2ARLBsqyKOy7F2XYBFgWWmQESwLLsA0y7AslkU2yr5BT4LTANMNMUmEmA+Mg0xCYcWVDlLoNjLgy7qJ8T3A2we+STnGP1sxesYNHjxSyT1Ep5O0ccO/wBX/gnx1G2+X4OX6lmk09qvJ79irK4GrSU6ap+DDnuK4i6+gepz5fiNOcn/ANsqQUcuL4dZMmRt9uf7nOukczJlgvvJ/gIlq8HS2n7o6U9NinzFtfUy59Fi28/oWYe2CWaMn8rTE526tPlB5dHTbxyEvcotTXJ0jF/2TqJR1enlim+ZJp+5r0WLRfaL7PQ9D10Y4fXdA3PS5JSqOoh3V+f8HMypwnaNMdJj9SxxuTx6jG90MkHUovyjWa4157U/ZrWxnLDH0vVxy9Ftg5L8+howfYr1TBjjqNdppYI9Ywl976vweon6/wDav0GCp49XjrjJstv6nP8AVv8AqJ61rdJLFrcWCKpq1Gmhf8l+MXHlfs+/h+ramK6KR9D9My/CaZ87+zeJwWTUSbe5vlnrtFqt9JPk119Xj46H2g1D1GZqP3Dz/qOow6LSvLnk1FcJLq34O1qsbcNzPBfaLW6n95Ys2mbhHSZYuE0rSyL5k/0Qk24vV8YR6p6vqseeWKGGellHrHJBxmvqn0MuH1TWZHt+PNS+oz7Reteq/af1rU+q+taier1+eviZXFLhKkqXCSSEelaSebXYYRVtu39DrZI471Xa9K9QzfHhDUTct3Cs9IsiqjzOt07w+o6TFji9+9cHa9ahl0kseXH06NHKzXbjqyex6p/JJI40p8s3PMs+HdHrXQ50ncmIdGwfI6LEwQ6KKSGxGpCojoImtYJcFT5XT8i5OgJMsRSddQrFsq6AY5AS59mU3ZUgVFNp8j4TMbGY2+5WXRw53jkmmd/QesQ2KGVKa/1wUv14Z5Ry44D02SSycGoPW6nU6LLytNKL/wBGRpfk7ME5Qt7IyS95X/YvTuOXDclQqfDoNRLIwS0wCQ6HLXNCEOx22kurKHarOtNgjkjw5WsS78dZv/Zf8Hl9Xq5OLSfU7nr2WOWe/Hxix44YMa+itv8AFs8xn5bNRz6pM877ipZmypq2Wsb8GnMpzkRSY74L8AODXYqG6fJTOpp83KVnGjwzXp5/Mgsr13p7eSEUubZtjE5HomWs6V8dUdyC6e5qOkodpe0ZRdFUraTaNolFHubKsops+c7Csu+ALJZAVk3AWU5BTLJYvcSyBlk3CtxdgN3E3CtxNwU6yWK3E3kDrJYrcTcA5S9y0xO5BKQDkwtwncXuoIcpBKdUZlIp5KA17+AZT4MjzN9A8ankkoQjKc30jFW2UMjvyN7IylXhHM9Sc1ujJqK7q7Z19XjwaDDeqyqeof8A7ON2o/8Ac/PsvzPNazUSz5HJ1GPaK6IUk1z5w+Z0B8FvtZrjjlN1FNm/T6KTrdS+ro5u09OZixJKnF35Kz6ZShW2V/6Wmepxemw2qW+N+LM2r0WNu/iRT+jKza8HqsWXDNuLU4e6poXs+LG3Gmeq1miTi7y42vLT/wAHKnpUn8s8UvpL/KNxmvPanTvlpGfCp4silBtNHo8milL+Xj25M0vT3F27/I1KxYmH1L+A45o3x1R5L1rTLX6nbBbYN8uj1EsUbcerRmz6XfDhVZqXGbzrzGojDSYceDCvkiP9Lyyeogl3Y7LoceDUTya9yjhpKL8HWwehw2Q1GkyRnCSuMkzUm
Build info: version: &#039;4.5.0&#039;, revision: &#039;fe167b119a&#039;
System info: os.name: &#039;Windows 10&#039;, os.arch: &#039;amd64&#039;, os.version: &#039;10.0&#039;, java.version: &#039;1.8.0_202&#039;
Driver info: org.openqa.selenium.chrome.ChromeDriver
Command: [3abbbdb9f5b164e60184f018df8c1a07, executeScript {script=return Math.max(document.body.scrollHeight, document.body.offsetHeight,
    document.documentElement.clientHeight, document.documentElement.scrollHeight, document.documentElement.offsetHeight);, args=[]}]
Capabilities {acceptInsecureCerts: false, browserName: chrome, browserVersion: 106.0.5249.119, chrome: {chromedriverVersion: 106.0.5249.61 (511755355844..., userDataDir: C:\Users\DELL\AppData\Local...}, goog:chromeOptions: {debuggerAddress: localhost:51636}, networkConnectionEnabled: false, pageLoadStrategy: normal, platformName: WINDOWS, proxy: Proxy(), se:cdp: ws://localhost:51636/devtoo..., se:cdpVersion: 106.0.5249.119, setWindowRect: true, strictFileInteractability: false, timeouts: {implicit: 0, pageLoad: 300000, script: 30000}, unhandledPromptBehavior: dismiss and notify, webauthn:extension:credBlob: true, webauthn:extension:largeBlob: true, webauthn:virtualAuthenticators: true}
Session ID: 3abbbdb9f5b164e60184f018df8c1a07">
      <![CDATA[java.lang.RuntimeException: org.openqa.selenium.UnhandledAlertException: unexpected alert open: {Alert text : asdsad@asdsd.com|3|1|Custom|Duty|officer|1995-04-27|sadasd,dxfdf|1|1|NA|NA|NA|0|0|0|0|undefined|</textarea></textarea></textarea></textarea></textarea></textarea></textarea>|</textarea></textarea></textarea></textarea></textarea></textarea>|NONE|2147483647|2147483647|asdsaddasdsadadasdasdsa|Yes|S05|1|1|14|jpg|/9j/4AAQSkZJRgABAQAAAQABAAD/2wBDAAYEBQYFBAYGBQYHBwYIChAKCgkJChQODwwQFxQYGBcUFhYaHSUfGhsjHBYWICwgIyYnKSopGR8tMC0oMCUoKSj/2wBDAQcHBwoIChMKChMoGhYaKCgoKCgoKCgoKCgoKCgoKCgoKCgoKCgoKCgoKCgoKCgoKCgoKCgoKCgoKCgoKCgoKCj/wAARCAGQAoADASIAAhEBAxEB/8QAHAAAAgMBAQEBAAAAAAAAAAAAAgMAAQQFBgcI/8QAPBAAAgIBAwMCAwUHAwMEAwAAAAECEQMEEiExQVEFYRMicQYygZGhFBUjQlLB0WKx4Qdy8DNDgvEkJVP/xAAZAQEBAQEBAQAAAAAAAAAAAAAAAQIDBAX/xAAgEQEBAQEAAwADAAMAAAAAAAAAARECEiExA0FRE2Fx/9oADAMBAAIRAxEAPwD6BSLVFEPFr64uAlQBaCjC7AJlpkBoJAplpkBoNMBBIimJhICISIDQS+gKCRASXsEl7AoNBdEuBkRfAcWQ0+NIdGRni+BkWQP7lrgFOi0wlOhwMUutiEwosms40KRUuvAtBBMWnQLb7kbVAsNJITNjGxUmnyNWF5HxyjNkfDsdkkjLklZY1SMj4ZiyPk1ZXaMeV8liaz5nRiyvh2jVlMeV8Gmay5jHmfWkjTl4uzNk7lRmnX/iM80jRMRkdciBM68GeaV9B83aYmXJpkmaXsJml4HyFSRpCJJeBUkvA+YmRqVCZJeEKkl4Q6QqSNymEyS8ANLwOkgGjUqYTJLwgGl4Q2SFyRqVC2l4BaXhBsFmpUoHXgFpeA2AzeoFpeEC0vCCZTACSXhC2l4Q1gMoW0vCFyS8IcwJEQhxXhC3FeEOkhciBbivCBcV4X5BsFgLcV4/QFxXhDGCEA4rwgXFeEGymAtpeEBJLwhrFyKhbS8IFpeEGwWVQUvCJS8IsoCqXhFUvCCJQA0vCJS8IsgH6mIVZLPnPUIsCwkyKKwkwEEgo0wkCgkQEg0wEEiA48jELXYOyINBrgWnwXYDbLsWmFdkUdhxYpBwJVPgNTERYakQaIyCsVAdCEpdEC+hKQcWKa2y5LUlRGT1LgjkJ3FqQMNsFsFy4YLkCCbFSfuSUhcnwGoXlZkyOx+R88mWcuxqLSsjZlzPkdlsyZXwaZpGVmTLyzTMzzRWWPKZshqyLhmXJ0YRlyLlMRkNGQzz6mis7VKkKa5HSFSKhchMkNkLkWITITJD5C2ihTiKlE0NASRZRncRckaGhcompTCGhUkaJIXOJuVMZ2gGhzQuSNSslMpoNoFo1KlA0DQxoGjWoW0U0MaKoahNAyQ6gZIaM8o9RLRqkhU1RNGdoFoZJANE0KaKYxoFl0LZTCaBaLqBYqfUaxUywADQTKKBKYVAtFRRCygLKIRAfqBMJMWmWn7nzXsMTLQCfhhJhRoJMBdepbfBE01Oi7FxbCsgYmFfACfuFu8AGmGnwKQSZENUgtwtMuyKbuLvgVZe7gKcnwHFmfeHGRKrRF8WGpcmdPgYpGVacUluOjhyRUPDOPF8j45GNZ658mjNNOToUpdSrsq66E1ZMMTCUuRSYSfJA1SKbAUi3IqJJ11FzfBcmKnLsiqXNN2+yM2Tqx02ImyjPkM2Q05DPk7mozWaaM+XsapozzXk0jHkMuTubMq6mXKuoRkyLkyZDXk4MuRcs0M8hUh0xMghcxMhsxUjUQDBYTKKAaBaDZQCpIW0PaBaLKrPKIqcTTKIqaN6jNJCpI0TQmSNazSWgWhrQDRZUBRTQTKZpkDRTDKZQsFoY0CyaFSQmaHyFT6DQhoXJDZAMBTQLQ1gNALaBkMkgGVC2hUkOYD4RdQpoBjWBI1qAKCKKoSmEQCiJllAfpmNsPt15F264oKL8o+dXqGn5Cuhal+YW7jkmmmRZa+oq/ASlXFk1Tr+oSbE7uAlMahqfZ8B8UIu+hafBA5SoNS4M6kFuCn7i91ISpF7kQPjIm72FJquC0yKcmMhIz7g4sg0J8BqRnixqZlo6L5GRkIXUZFkDlK2EKi+Q01TAK2i0wLI2FHZd8C9xdlMFJiZMOTFyEQEmIyDn3FTNQZsgmY7IhMupqJhEzPkNU0Z8i4KyyZOTLlNeRGbIrTCMORGbKuTblRkyosGWYmQ+aEyNITPoJkOn0EyNRAMphMFlRTBYTKYFMGgimAElwJkhzFyKETiIkjVJCZo3KM7QDQ6SAkiyoU0CMaAaNyshKCaKKyCQDDYLM6pchUh0hTARJAMbNci2gFsFjGAyoBgSGMXIoXIXIaxckVC2Cw2gWXUCymEU0VAFB0DRVQouiqA/S/jkJ9PAuPKCPmvUNfXknYFdC7AJMLtYHQLsEXaZa6g2q6clqXgimpl3aAulwWnwAa9wrpAJ8F2QFZYCYQUaZd8A3ZcWRTIuhkWKT/EKLJQ5MZFiIsbFmVOixkWIixsSKamGhaYS5AJeS0vBF0CBqirJ5KZVRsXJltlTlvkuEu3BU0Lar3ByKoqXZ3+hxvtT6vH0t48WP5s7ju9kjyj+2eq0+bG8sIzwc7l359yyM3p7nLIzy6l6PV4PVdBi1uimpYpx+bzFrhp+5TKS6FoTkQ9oXNcFKw5UZsiNuVGXIioxZFwZMq5NuRGbL1ZUYsiETRqyIz5EWIzT7iJGmaETXJqIWwWEwWUUwS2UVEBbI2A2BGxcmRsGyiMXJBgyLAmSFyQ6QtlCmgGNaAZqVmltAsNlM1rJbAYxi5EASFsZIXIKXIW0NYtgLaAY1gNBMKYEug1i5FQtgMYwGaC5AhyAZYgWigmUyoGigiFAkoKiqA/RyfHUKxfJaXsfOeo2MglJCk6CQDUy7QtEqwhpOwBCKYnRe4WmEnwQMTLvyL3BJuhoYghaCRNUaZaYHJa6ck1TFJV7hxYlUMgQOi+BkWhK6Bx7EU+L5GR7CIjEyB6XAaYmLDUgHJhWJT5DsAnyA2MUZSi3FWkJfuU0yGNzTrlrwDFJb4yXO1tfVc/5JjbU4yi3GSfEkL+0eVY/S554NY5qmpLo+a/D/zyakZtx8y+02qlr/Vs2Tte1fRHI1GlWTFPHLpKNX49zq5MD+O5PlN9QNTFQZdZeY+y32l1P2a9Qyxknk083WXE3w+eq9z7P6dqdP61osvqOjmp4m06XZt8pnw37Q6NLNLLBVu54O9/0p+0S9I9Yei1c9uh1q+FO+kJP7svzo19TcfUpKgJK0zTrcUsM0peEJxrfwZdGLIjLkXU25kZMhqIx5UZciNuRGTKioxzRmyI2ZEZsiKjLNCZo0TQmZYjPJA02NceS1GzSEODBcGbFiYEoUTVxjlFi5WjXOIiaLExnYIUlyAyiNgyLbBZVCwGGxcioGQDDYDNRKBgMNgsMgYEg2DIoXJC2hrBaASxbQ2SBYCmAxrQtlC2gGMkgGEKkA0NaFtGkLYLQxopoqFUVQxoFooCiqDolFQFEoOiUUfohFlEs+c9Qi0wbLIg7LALTANMsFMtAGmT3oAJN9mShiLQFui105MqYi+wKfBL8BTE7CbF2W7pckDE0EuolPkZF8EU6LGJiE3QyLIHRYyLQmLDQDkMTEphp2MDb6Fp0BFl2VZTFklGLSfDFufIMpUgVyA+D44OR9rs0l6WoRnsn8XmL6SVU0/0f4HZwNfFhf3bSf0PKfb3M4rS6dffW6U17Lg1Geq85gbU9rT2t8pi/UKVtdAsc7xJv7y/VGbPku75TLjLk6zGs0JRZ5LUY3g1EotU0z1+VqM2r4OB65H5lKufPkso+r/YX1+PrPoGHR6ie7WYYvHuk+ZJfd/2o72CLjKN9HTPgXofqeb0vXw1GnlyuJRb4ku6Z9M9E+3mLVaj4Wrw7FOmpXypd0/Z+TWakuenrssE1J9row5sb7DdP6ro86mvj41HI/lbfSSYWnni1UMksM1Nw+/FPmPkmNa504cGPKuTsZML5SRgz4WoqfZtr8v/ALA500Z8iNeSNGfKijHNCnDhvsa1j3SoTnkm9sfuoqM20uKLotIo0Yfh0977cGXNXYdGEpJ0uF1fgRljSsGs8zPkGZJGecioXMS2HNi2aEIQphAsBhsBlUDAYUmBJmolUwWXYJWAsFhsBgCUwmC+oC2gGhrQLQCZIW0OkgGihLQDQ6SFtFQpoBoc0A0UKoqhtE2lQlxBcR7iU4lQmiqG7SbShW0m0btJtKPvtksGyWfPegdl2BZLIGWRNJcAWSwGplpiky7Iptl2LslkDky7EphJkDov3LbvoK3UFvS+hA1EsBSLUl9fxJQ1BpibVf8AIcWRTosbH9REH0GqXgppqfIcWJQyL4pgNi7YaYpMJSAam+C3LgWnYe19ygGwovlFbGwlFpriwrTgUZ5YRfCk6PB/brP/APuJNtqSiotPs+jPcaqUdKo5HJfDfzQk+68fU+c/b/W49X6k88ZLhctdzUmM3258dQmkp8xfSS6r2EarJsi2mmn0fY5K9RWKVOtjXzWY9V6qk3sueJ+S4h+XWRcufo/KMHqGSOXG4Xz2s5+r1Cm3kxvjv/5/c52bVyaqy4mqy5dj60ysetlDLBxlXzL/AHMmpbyQjO+vD+phuUZx57o3Ixa7UvXM2PNki8ktu99+nJ1NJ9r9Vgz49Tp88oamPEpRfE17+54fUSfxZu/5n/uIeRp8M3jGvt2g/wCo8srg8jinJbZxca2vtJe3ldj0/p32p9P9TwzjvjizW5/Dk+jdbkvxS/M/N+LUyj3Ztw6/LFpxk7Xe+ReYs7r9ETlCabhJP6GacWz476Z9pvUNPKO3PKlxy+q8M956J9stNnwVr08c4L53GN7vCM+OOk7lejyrbjcV96S5+nZfiY8mNwUXPhTVxb8efoc3U/a7Qx3ZMemyZ538sJvbH6yrl/Q896p9qNdrJylFRhKXWVW/ouyQxdewk8UMUs2aaxw/kTfMvf6e5hyer6DD/wCrnuX9MFb/AB8HgNRq9XqJuWXNKcn3bsDFGSfzETa+gS+0WnnHZixSaXvUV/ll/vXBkw7eEu8l1fsl/c8TCTSOt6Hp56zJklKShhx9W+rfsIa6ebLvlceF2QpsmRxTe267WBZpUbBbLkqAsoIoqyrCJIXINci8iphQSYDZcgGaiIUU2VZWUsqyMoCMpllMqKBaCIwFNC2h7QEkAloBoa0C0VCWgWhzQLiWBVEoZtJtNIXRTiO2lbShO0m0dtL2lCNpNo/aTaEfa7LsAlnz3oMsli7LsA7JYCZLAZZdi7JZFM3BJirLsIamS6Fpl2QO3cFb15Qu+CmuCVWiMvqEpd2Ig6VPkNSINCl5GRZlUmNxz8kGiMqGRfJnUkxilyFaIvkYhMXYSkEPTL3IVuLTKpu5ov4sl/M/zE2RyssK0R1GRfzP8QlqmnclF/gZWwXXWcqXt1KivtBq9Lm9NnCW5J88OnGXlXwfJPWMsZymo5eV0Uo/3R7n7X6/4el+Etyc1xbt0fNdVbbKSOdP48rqMZ1/S7MOSbtppp90zdkik7M+XJJqpfMv9XJYljC7UrQnLBctdDY9t8KhWWNpmtZc6cvknD/5L6r/AIMUn8y+ptzRcZ2Yssaf4m4xWPNK5S+rM8/u2Oyqk2JTuLRuOYFIdhk7RjUjVpv6n0KkdLC6o6EMrhGMb5fzP+xzNK901fTq/oalNym2+rMtx1sObckn1NFL8Tm4pfCin/PJceyNennZix1laFHkNRLgr+pu9P0k9TlUMcbbMLQaPRZdTkjDHHl9/B6WGihotO8Oixzb/wDcyPu/7HY9Kw6X0jGpZoY3NrrkfH6HL9U1stTnk4znOF/LGmor6I1EYseFZFNymo7VYmMW2klbfRDpY5prfwnzS6lPMoOsdfEapNc7V/n3NLsJz8T2rtw/qLNGDS5dRkUMUd0n2Q/No/2bLLFKUcmWPDUHcYv69wn1z2U2a8ukyRx73GST6cdQIaWTxvJk+SC7vuNVm3ULlK+o/UYnDHGdNRfRvjd9PJlbLCo2Cy2CzSKYLLBYRbKIQCFMhConYosoIpgtBlNFCpIBoc0A0ELolB0VRoDRKColGkDRNodEooXRe0ZtL2lCtpe0bRKA+uWXYNkPnu67JZRQBWSyiWQFZAbJYB2XYFkT5IGJl2BZLAYmWpC7JZA3dRd31FphWFNTDjIz3zyHFhWmMuBsZGVMYpEGuEw1IyRlz5GKXQI0qXIakZ1LkZF+5TTdxE2yoU31S+rNUYYYK82STXjHG2WQtJSX8yb+jMHrPqePQ6bdH4eNv7r6yf0b/sD6165HS4ZQ0OlUZ/8A9MvzNfh0PnfqmrzanNLLqMksmR9ZSfI+E9p6nrJanLKc5W33bOPm2NvdkSXsmy8krbMmSfIaKzKD6OT/AAoyZIr3/I0SyRXW2LeSL7GmazODF5I0a5Si1wZpyi+6X4lRhywTObqtsJ7WzstRk6Uot+zOD6/H4bjOHTv7Gub+nPr1NI1WP+DJrwcqM+q7o7Ohk82jafLOU9PL9qaiuOp1jj0zq93JrxtuKrp0GZtI1Hhci3/AxST+81+pUjdpZpRkk+ao24El80laXbyzl+nQk7b7nVgvwSM105OhunK3bkzdpopSVu34Rmxrikqj/v8AU24UlTMWukdbSaaWWlBX7I9h6dl0fouh3z2vPJct9jyeg1i08Nz7HP8AUvVsuom05vb4JIWvS+ofaOGplJLGopdK6s5GX1aTkuaXZLseeWZvuXvNYmu/L1BzXzTb9hT1rXRnG3vyWsjQNegw+qZIRrF8t8N3ybdD6ioNOfNeef0PLwzvuOhqHRFe9x+uaScduaM8n+ltJP6+S82tebnS6fFCXac2pNfS+F+R4NaiSfU26f1SeHtfsxq46mq0+pnllPK3km+snLd+pklCUXTVD8H2l2rbk0mGa88phT1sNYvkjPGvCkq/2NGsbBbGyhXdg7PqFKYLY7JhlGG6S2x7Xxf0EMqJZLKIVFkKsgFkKLKi+xRaIq7lQDKo0RhudRi2yPGqsIzUVQ6UUugto1ANF0FRKKgaLoKi6NAaJQaRdFAUShlEoD6kSyiHz3YRLBIAVkBLsgshRAqywSyAi7AJYB2SwC7IDTLT5ATJYUwJMUmEmFOjIZF8meLGKQRoUg0xEWMUgNEWGpCFLgKLLEN3PsGo7o/O0vcDG4J3PdXiKEepet6bQYX+zadZtT2eXmMfeu5Vcn7QPDpsW/Im933d3G76Lx7nhdXleXI3VI6fqmpz6zUTz6vJPJll1lJ8/wDH0OTKLbM63zGfI1GLbOJrtVJN7EdfVRlLijnz0Tn1RecTqWuDnzZ8jrfIvT6TNPmWSdfU7UdDji7at+5ox44XXFnTy/jn4f1x9WnotFkytye1Xyzyub4+fGpZXOUsj4irbbfRJeT2H2ljfpmauys8766s/py9MyYJSxTX8XHkjw1KLVNfQ3y5duF6ppNf6TrXh1mDU6TUxSlsypxlT6MfovU5Z/4Ot5UuFP39yvWvU9f616hk13quqyavV5ElLJkfNLouOEjn48dzUa4fB0slcvj2fpWi+HFp01fY6um9KxyeSaj1VdDifZfUTy4vh5HcoPa77+D3npGNTxqNdeDltldpljyuq9P2yfHB5/UaKU9Rf8qPpPq2CGDHOc1wkeReL+HKVctmvJnxcaco6WC8mv0uf7Vbkqijn6jS5tTqnuW2C4R6D07TQ0+CMYr6tk6uReZtPhGEVSx2/MmO+M0vlhiX0gv7ghbbRz11wnPqpxjVr8Ekc7JllJ8mrWR/h34OdJm459HRyUEsjZnTGRNMnpjIsShkWFMUqDT9v1FqmVJJdyKcpuwnO+7M6fIW5kb0bfPU0afM4Pt+JjkylKujaLGa9Po9XFVez8Ub3rIRj/DlGL/0RPGwztd0aMOokpXbRU119RleSbbbb8t2xLD00oZkk5tP/tsbk01fdmpfg0VrWYouSafJQRC7BJZQSLBTGQXkouMGzRhwOctsIynLxFWysfEeOX0SQyesy6XHPDDPKCu5qEqt+BEvovUbtM7aywkuU3HbRmzeqOUnLJGMpd5L5W/r5Obrde5yaUm19Tl5c7b6m8c7Xf8A2zFlkmp7H4fCCeRxSbi3HzHk8tLM13JDVSg+JNIqeT2OOEMuFZMeRNJ1NPrDw37e4MouMtr6nC0mte5NOp+TpYtTvpN/QrWtaQVchRalBNd3/YJRLFCkXtGKIW0oVtJtG7SbSj6NZLBsh852EQElgHZYFl2ARLBsqyKOy7F2XYBFgWWmQESwLLsA0y7AslkU2yr5BT4LTANMNMUmEmA+Mg0xCYcWVDlLoNjLgy7qJ8T3A2we+STnGP1sxesYNHjxSyT1Ep5O0ccO/wBX/gnx1G2+X4OX6lmk09qvJ79irK4GrSU6ap+DDnuK4i6+gepz5fiNOcn/ANsqQUcuL4dZMmRt9uf7nOukczJlgvvJ/gIlq8HS2n7o6U9NinzFtfUy59Fi28/oWYe2CWaMn8rTE526tPlB5dHTbxyEvcotTXJ0jF/2TqJR1enlim+ZJp+5r0WLRfaL7PQ9D10Y4fXdA3PS5JSqOoh3V+f8HMypwnaNMdJj9SxxuTx6jG90MkHUovyjWa4157U/ZrWxnLDH0vVxy9Ftg5L8+howfYr1TBjjqNdppYI9Ywl976vweon6/wDav0GCp49XjrjJstv6nP8AVv8AqJ61rdJLFrcWCKpq1Gmhf8l+MXHlfs+/h+ramK6KR9D9My/CaZ87+zeJwWTUSbe5vlnrtFqt9JPk119Xj46H2g1D1GZqP3Dz/qOow6LSvLnk1FcJLq34O1qsbcNzPBfaLW6n95Ys2mbhHSZYuE0rSyL5k/0Qk24vV8YR6p6vqseeWKGGellHrHJBxmvqn0MuH1TWZHt+PNS+oz7Reteq/af1rU+q+taier1+eviZXFLhKkqXCSSEelaSebXYYRVtu39DrZI471Xa9K9QzfHhDUTct3Cs9IsiqjzOt07w+o6TFji9+9cHa9ahl0kseXH06NHKzXbjqyex6p/JJI40p8s3PMs+HdHrXQ50ncmIdGwfI6LEwQ6KKSGxGpCojoImtYJcFT5XT8i5OgJMsRSddQrFsq6AY5AS59mU3ZUgVFNp8j4TMbGY2+5WXRw53jkmmd/QesQ2KGVKa/1wUv14Z5Ry44D02SSycGoPW6nU6LLytNKL/wBGRpfk7ME5Qt7IyS95X/YvTuOXDclQqfDoNRLIwS0wCQ6HLXNCEOx22kurKHarOtNgjkjw5WsS78dZv/Zf8Hl9Xq5OLSfU7nr2WOWe/Hxix44YMa+itv8AFs8xn5bNRz6pM877ipZmypq2Wsb8GnMpzkRSY74L8AODXYqG6fJTOpp83KVnGjwzXp5/Mgsr13p7eSEUubZtjE5HomWs6V8dUdyC6e5qOkodpe0ZRdFUraTaNolFHubKsops+c7Csu+ALJZAVk3AWU5BTLJYvcSyBlk3CtxdgN3E3CtxNwU6yWK3E3kDrJYrcTcA5S9y0xO5BKQDkwtwncXuoIcpBKdUZlIp5KA17+AZT4MjzN9A8ankkoQjKc30jFW2UMjvyN7IylXhHM9Sc1ujJqK7q7Z19XjwaDDeqyqeof8A7ON2o/8Ac/PsvzPNazUSz5HJ1GPaK6IUk1z5w+Z0B8FvtZrjjlN1FNm/T6KTrdS+ro5u09OZixJKnF35Kz6ZShW2V/6Wmepxemw2qW+N+LM2r0WNu/iRT+jKza8HqsWXDNuLU4e6poXs+LG3Gmeq1miTi7y42vLT/wAHKnpUn8s8UvpL/KNxmvPanTvlpGfCp4silBtNHo8milL+Xj25M0vT3F27/I1KxYmH1L+A45o3x1R5L1rTLX6nbBbYN8uj1EsUbcerRmz6XfDhVZqXGbzrzGojDSYceDCvkiP9Lyyeogl3Y7LoceDUTya9yjhpKL8HWwehw2Q1GkyRnCSuMkzUm}
  (Session info: chrome=106.0.5249.119): asdsad@asdsd.com|3|1|Custom|Duty|officer|1995-04-27|sadasd,dxfdf|1|1|NA|NA|NA|0|0|0|0|undefined|</textarea></textarea></textarea></textarea></textarea></textarea></textarea>|</textarea></textarea></textarea></textarea></textarea></textarea>|NONE|2147483647|2147483647|asdsaddasdsadadasdasdsa|Yes|S05|1|1|14|jpg|/9j/4AAQSkZJRgABAQAAAQABAAD/2wBDAAYEBQYFBAYGBQYHBwYIChAKCgkJChQODwwQFxQYGBcUFhYaHSUfGhsjHBYWICwgIyYnKSopGR8tMC0oMCUoKSj/2wBDAQcHBwoIChMKChMoGhYaKCgoKCgoKCgoKCgoKCgoKCgoKCgoKCgoKCgoKCgoKCgoKCgoKCgoKCgoKCgoKCgoKCj/wAARCAGQAoADASIAAhEBAxEB/8QAHAAAAgMBAQEBAAAAAAAAAAAAAgMAAQQFBgcI/8QAPBAAAgIBAwMCAwUHAwMEAwAAAAECEQMEEiExQVEFYRMicQYygZGhFBUjQlLB0WKx4Qdy8DNDgvEkJVP/xAAZAQEBAQEBAQAAAAAAAAAAAAAAAQIDBAX/xAAgEQEBAQEAAwADAAMAAAAAAAAAARECEiExA0FRE2Fx/9oADAMBAAIRAxEAPwD6BSLVFEPFr64uAlQBaCjC7AJlpkBoJAplpkBoNMBBIimJhICISIDQS+gKCRASXsEl7AoNBdEuBkRfAcWQ0+NIdGRni+BkWQP7lrgFOi0wlOhwMUutiEwosms40KRUuvAtBBMWnQLb7kbVAsNJITNjGxUmnyNWF5HxyjNkfDsdkkjLklZY1SMj4ZiyPk1ZXaMeV8liaz5nRiyvh2jVlMeV8Gmay5jHmfWkjTl4uzNk7lRmnX/iM80jRMRkdciBM68GeaV9B83aYmXJpkmaXsJml4HyFSRpCJJeBUkvA+YmRqVCZJeEKkl4Q6QqSNymEyS8ANLwOkgGjUqYTJLwgGl4Q2SFyRqVC2l4BaXhBsFmpUoHXgFpeA2AzeoFpeEC0vCCZTACSXhC2l4Q1gMoW0vCFyS8IcwJEQhxXhC3FeEOkhciBbivCBcV4X5BsFgLcV4/QFxXhDGCEA4rwgXFeEGymAtpeEBJLwhrFyKhbS8IFpeEGwWVQUvCJS8IsoCqXhFUvCCJQA0vCJS8IsgH6mIVZLPnPUIsCwkyKKwkwEEgo0wkCgkQEg0wEEiA48jELXYOyINBrgWnwXYDbLsWmFdkUdhxYpBwJVPgNTERYakQaIyCsVAdCEpdEC+hKQcWKa2y5LUlRGT1LgjkJ3FqQMNsFsFy4YLkCCbFSfuSUhcnwGoXlZkyOx+R88mWcuxqLSsjZlzPkdlsyZXwaZpGVmTLyzTMzzRWWPKZshqyLhmXJ0YRlyLlMRkNGQzz6mis7VKkKa5HSFSKhchMkNkLkWITITJD5C2ihTiKlE0NASRZRncRckaGhcompTCGhUkaJIXOJuVMZ2gGhzQuSNSslMpoNoFo1KlA0DQxoGjWoW0U0MaKoahNAyQ6gZIaM8o9RLRqkhU1RNGdoFoZJANE0KaKYxoFl0LZTCaBaLqBYqfUaxUywADQTKKBKYVAtFRRCygLKIRAfqBMJMWmWn7nzXsMTLQCfhhJhRoJMBdepbfBE01Oi7FxbCsgYmFfACfuFu8AGmGnwKQSZENUgtwtMuyKbuLvgVZe7gKcnwHFmfeHGRKrRF8WGpcmdPgYpGVacUluOjhyRUPDOPF8j45GNZ658mjNNOToUpdSrsq66E1ZMMTCUuRSYSfJA1SKbAUi3IqJJ11FzfBcmKnLsiqXNN2+yM2Tqx02ImyjPkM2Q05DPk7mozWaaM+XsapozzXk0jHkMuTubMq6mXKuoRkyLkyZDXk4MuRcs0M8hUh0xMghcxMhsxUjUQDBYTKKAaBaDZQCpIW0PaBaLKrPKIqcTTKIqaN6jNJCpI0TQmSNazSWgWhrQDRZUBRTQTKZpkDRTDKZQsFoY0CyaFSQmaHyFT6DQhoXJDZAMBTQLQ1gNALaBkMkgGVC2hUkOYD4RdQpoBjWBI1qAKCKKoSmEQCiJllAfpmNsPt15F264oKL8o+dXqGn5Cuhal+YW7jkmmmRZa+oq/ASlXFk1Tr+oSbE7uAlMahqfZ8B8UIu+hafBA5SoNS4M6kFuCn7i91ISpF7kQPjIm72FJquC0yKcmMhIz7g4sg0J8BqRnixqZlo6L5GRkIXUZFkDlK2EKi+Q01TAK2i0wLI2FHZd8C9xdlMFJiZMOTFyEQEmIyDn3FTNQZsgmY7IhMupqJhEzPkNU0Z8i4KyyZOTLlNeRGbIrTCMORGbKuTblRkyosGWYmQ+aEyNITPoJkOn0EyNRAMphMFlRTBYTKYFMGgimAElwJkhzFyKETiIkjVJCZo3KM7QDQ6SAkiyoU0CMaAaNyshKCaKKyCQDDYLM6pchUh0hTARJAMbNci2gFsFjGAyoBgSGMXIoXIXIaxckVC2Cw2gWXUCymEU0VAFB0DRVQouiqA/S/jkJ9PAuPKCPmvUNfXknYFdC7AJMLtYHQLsEXaZa6g2q6clqXgimpl3aAulwWnwAa9wrpAJ8F2QFZYCYQUaZd8A3ZcWRTIuhkWKT/EKLJQ5MZFiIsbFmVOixkWIixsSKamGhaYS5AJeS0vBF0CBqirJ5KZVRsXJltlTlvkuEu3BU0Lar3ByKoqXZ3+hxvtT6vH0t48WP5s7ju9kjyj+2eq0+bG8sIzwc7l359yyM3p7nLIzy6l6PV4PVdBi1uimpYpx+bzFrhp+5TKS6FoTkQ9oXNcFKw5UZsiNuVGXIioxZFwZMq5NuRGbL1ZUYsiETRqyIz5EWIzT7iJGmaETXJqIWwWEwWUUwS2UVEBbI2A2BGxcmRsGyiMXJBgyLAmSFyQ6QtlCmgGNaAZqVmltAsNlM1rJbAYxi5EASFsZIXIKXIW0NYtgLaAY1gNBMKYEug1i5FQtgMYwGaC5AhyAZYgWigmUyoGigiFAkoKiqA/RyfHUKxfJaXsfOeo2MglJCk6CQDUy7QtEqwhpOwBCKYnRe4WmEnwQMTLvyL3BJuhoYghaCRNUaZaYHJa6ck1TFJV7hxYlUMgQOi+BkWhK6Bx7EU+L5GR7CIjEyB6XAaYmLDUgHJhWJT5DsAnyA2MUZSi3FWkJfuU0yGNzTrlrwDFJb4yXO1tfVc/5JjbU4yi3GSfEkL+0eVY/S554NY5qmpLo+a/D/zyakZtx8y+02qlr/Vs2Tte1fRHI1GlWTFPHLpKNX49zq5MD+O5PlN9QNTFQZdZeY+y32l1P2a9Qyxknk083WXE3w+eq9z7P6dqdP61osvqOjmp4m06XZt8pnw37Q6NLNLLBVu54O9/0p+0S9I9Yei1c9uh1q+FO+kJP7svzo19TcfUpKgJK0zTrcUsM0peEJxrfwZdGLIjLkXU25kZMhqIx5UZciNuRGTKioxzRmyI2ZEZsiKjLNCZo0TQmZYjPJA02NceS1GzSEODBcGbFiYEoUTVxjlFi5WjXOIiaLExnYIUlyAyiNgyLbBZVCwGGxcioGQDDYDNRKBgMNgsMgYEg2DIoXJC2hrBaASxbQ2SBYCmAxrQtlC2gGMkgGEKkA0NaFtGkLYLQxopoqFUVQxoFooCiqDolFQFEoOiUUfohFlEs+c9Qi0wbLIg7LALTANMsFMtAGmT3oAJN9mShiLQFui105MqYi+wKfBL8BTE7CbF2W7pckDE0EuolPkZF8EU6LGJiE3QyLIHRYyLQmLDQDkMTEphp2MDb6Fp0BFl2VZTFklGLSfDFufIMpUgVyA+D44OR9rs0l6WoRnsn8XmL6SVU0/0f4HZwNfFhf3bSf0PKfb3M4rS6dffW6U17Lg1Geq85gbU9rT2t8pi/UKVtdAsc7xJv7y/VGbPku75TLjLk6zGs0JRZ5LUY3g1EotU0z1+VqM2r4OB65H5lKufPkso+r/YX1+PrPoGHR6ie7WYYvHuk+ZJfd/2o72CLjKN9HTPgXofqeb0vXw1GnlyuJRb4ku6Z9M9E+3mLVaj4Wrw7FOmpXypd0/Z+TWakuenrssE1J9row5sb7DdP6ro86mvj41HI/lbfSSYWnni1UMksM1Nw+/FPmPkmNa504cGPKuTsZML5SRgz4WoqfZtr8v/ALA500Z8iNeSNGfKijHNCnDhvsa1j3SoTnkm9sfuoqM20uKLotIo0Yfh0977cGXNXYdGEpJ0uF1fgRljSsGs8zPkGZJGecioXMS2HNi2aEIQphAsBhsBlUDAYUmBJmolUwWXYJWAsFhsBgCUwmC+oC2gGhrQLQCZIW0OkgGihLQDQ6SFtFQpoBoc0A0UKoqhtE2lQlxBcR7iU4lQmiqG7SbShW0m0btJtKPvtksGyWfPegdl2BZLIGWRNJcAWSwGplpiky7Iptl2LslkDky7EphJkDov3LbvoK3UFvS+hA1EsBSLUl9fxJQ1BpibVf8AIcWRTosbH9REH0GqXgppqfIcWJQyL4pgNi7YaYpMJSAam+C3LgWnYe19ygGwovlFbGwlFpriwrTgUZ5YRfCk6PB/brP/APuJNtqSiotPs+jPcaqUdKo5HJfDfzQk+68fU+c/b/W49X6k88ZLhctdzUmM3258dQmkp8xfSS6r2EarJsi2mmn0fY5K9RWKVOtjXzWY9V6qk3sueJ+S4h+XWRcufo/KMHqGSOXG4Xz2s5+r1Cm3kxvjv/5/c52bVyaqy4mqy5dj60ysetlDLBxlXzL/AHMmpbyQjO+vD+phuUZx57o3Ixa7UvXM2PNki8ktu99+nJ1NJ9r9Vgz49Tp88oamPEpRfE17+54fUSfxZu/5n/uIeRp8M3jGvt2g/wCo8srg8jinJbZxca2vtJe3ldj0/p32p9P9TwzjvjizW5/Dk+jdbkvxS/M/N+LUyj3Ztw6/LFpxk7Xe+ReYs7r9ETlCabhJP6GacWz476Z9pvUNPKO3PKlxy+q8M956J9stNnwVr08c4L53GN7vCM+OOk7lejyrbjcV96S5+nZfiY8mNwUXPhTVxb8efoc3U/a7Qx3ZMemyZ538sJvbH6yrl/Q896p9qNdrJylFRhKXWVW/ouyQxdewk8UMUs2aaxw/kTfMvf6e5hyer6DD/wCrnuX9MFb/AB8HgNRq9XqJuWXNKcn3bsDFGSfzETa+gS+0WnnHZixSaXvUV/ll/vXBkw7eEu8l1fsl/c8TCTSOt6Hp56zJklKShhx9W+rfsIa6ebLvlceF2QpsmRxTe267WBZpUbBbLkqAsoIoqyrCJIXINci8iphQSYDZcgGaiIUU2VZWUsqyMoCMpllMqKBaCIwFNC2h7QEkAloBoa0C0VCWgWhzQLiWBVEoZtJtNIXRTiO2lbShO0m0dtL2lCNpNo/aTaEfa7LsAlnz3oMsli7LsA7JYCZLAZZdi7JZFM3BJirLsIamS6Fpl2QO3cFb15Qu+CmuCVWiMvqEpd2Ig6VPkNSINCl5GRZlUmNxz8kGiMqGRfJnUkxilyFaIvkYhMXYSkEPTL3IVuLTKpu5ov4sl/M/zE2RyssK0R1GRfzP8QlqmnclF/gZWwXXWcqXt1KivtBq9Lm9NnCW5J88OnGXlXwfJPWMsZymo5eV0Uo/3R7n7X6/4el+Etyc1xbt0fNdVbbKSOdP48rqMZ1/S7MOSbtppp90zdkik7M+XJJqpfMv9XJYljC7UrQnLBctdDY9t8KhWWNpmtZc6cvknD/5L6r/AIMUn8y+ptzRcZ2Yssaf4m4xWPNK5S+rM8/u2Oyqk2JTuLRuOYFIdhk7RjUjVpv6n0KkdLC6o6EMrhGMb5fzP+xzNK901fTq/oalNym2+rMtx1sObckn1NFL8Tm4pfCin/PJceyNennZix1laFHkNRLgr+pu9P0k9TlUMcbbMLQaPRZdTkjDHHl9/B6WGihotO8Oixzb/wDcyPu/7HY9Kw6X0jGpZoY3NrrkfH6HL9U1stTnk4znOF/LGmor6I1EYseFZFNymo7VYmMW2klbfRDpY5prfwnzS6lPMoOsdfEapNc7V/n3NLsJz8T2rtw/qLNGDS5dRkUMUd0n2Q/No/2bLLFKUcmWPDUHcYv69wn1z2U2a8ukyRx73GST6cdQIaWTxvJk+SC7vuNVm3ULlK+o/UYnDHGdNRfRvjd9PJlbLCo2Cy2CzSKYLLBYRbKIQCFMhConYosoIpgtBlNFCpIBoc0A0ELolB0VRoDRKColGkDRNodEooXRe0ZtL2lCtpe0bRKA+uWXYNkPnu67JZRQBWSyiWQFZAbJYB2XYFkT5IGJl2BZLAYmWpC7JZA3dRd31FphWFNTDjIz3zyHFhWmMuBsZGVMYpEGuEw1IyRlz5GKXQI0qXIakZ1LkZF+5TTdxE2yoU31S+rNUYYYK82STXjHG2WQtJSX8yb+jMHrPqePQ6bdH4eNv7r6yf0b/sD6165HS4ZQ0OlUZ/8A9MvzNfh0PnfqmrzanNLLqMksmR9ZSfI+E9p6nrJanLKc5W33bOPm2NvdkSXsmy8krbMmSfIaKzKD6OT/AAoyZIr3/I0SyRXW2LeSL7GmazODF5I0a5Si1wZpyi+6X4lRhywTObqtsJ7WzstRk6Uot+zOD6/H4bjOHTv7Gub+nPr1NI1WP+DJrwcqM+q7o7Ohk82jafLOU9PL9qaiuOp1jj0zq93JrxtuKrp0GZtI1Hhci3/AxST+81+pUjdpZpRkk+ao24El80laXbyzl+nQk7b7nVgvwSM105OhunK3bkzdpopSVu34Rmxrikqj/v8AU24UlTMWukdbSaaWWlBX7I9h6dl0fouh3z2vPJct9jyeg1i08Nz7HP8AUvVsuom05vb4JIWvS+ofaOGplJLGopdK6s5GX1aTkuaXZLseeWZvuXvNYmu/L1BzXzTb9hT1rXRnG3vyWsjQNegw+qZIRrF8t8N3ybdD6ioNOfNeef0PLwzvuOhqHRFe9x+uaScduaM8n+ltJP6+S82tebnS6fFCXac2pNfS+F+R4NaiSfU26f1SeHtfsxq46mq0+pnllPK3km+snLd+pklCUXTVD8H2l2rbk0mGa88phT1sNYvkjPGvCkq/2NGsbBbGyhXdg7PqFKYLY7JhlGG6S2x7Xxf0EMqJZLKIVFkKsgFkKLKi+xRaIq7lQDKo0RhudRi2yPGqsIzUVQ6UUugto1ANF0FRKKgaLoKi6NAaJQaRdFAUShlEoD6kSyiHz3YRLBIAVkBLsgshRAqywSyAi7AJYB2SwC7IDTLT5ATJYUwJMUmEmFOjIZF8meLGKQRoUg0xEWMUgNEWGpCFLgKLLEN3PsGo7o/O0vcDG4J3PdXiKEepet6bQYX+zadZtT2eXmMfeu5Vcn7QPDpsW/Im933d3G76Lx7nhdXleXI3VI6fqmpz6zUTz6vJPJll1lJ8/wDH0OTKLbM63zGfI1GLbOJrtVJN7EdfVRlLijnz0Tn1RecTqWuDnzZ8jrfIvT6TNPmWSdfU7UdDji7at+5ox44XXFnTy/jn4f1x9WnotFkytye1Xyzyub4+fGpZXOUsj4irbbfRJeT2H2ljfpmauys8766s/py9MyYJSxTX8XHkjw1KLVNfQ3y5duF6ppNf6TrXh1mDU6TUxSlsypxlT6MfovU5Z/4Ot5UuFP39yvWvU9f616hk13quqyavV5ElLJkfNLouOEjn48dzUa4fB0slcvj2fpWi+HFp01fY6um9KxyeSaj1VdDifZfUTy4vh5HcoPa77+D3npGNTxqNdeDltldpljyuq9P2yfHB5/UaKU9Rf8qPpPq2CGDHOc1wkeReL+HKVctmvJnxcaco6WC8mv0uf7Vbkqijn6jS5tTqnuW2C4R6D07TQ0+CMYr6tk6uReZtPhGEVSx2/MmO+M0vlhiX0gv7ghbbRz11wnPqpxjVr8Ekc7JllJ8mrWR/h34OdJm459HRyUEsjZnTGRNMnpjIsShkWFMUqDT9v1FqmVJJdyKcpuwnO+7M6fIW5kb0bfPU0afM4Pt+JjkylKujaLGa9Po9XFVez8Ub3rIRj/DlGL/0RPGwztd0aMOokpXbRU119RleSbbbb8t2xLD00oZkk5tP/tsbk01fdmpfg0VrWYouSafJQRC7BJZQSLBTGQXkouMGzRhwOctsIynLxFWysfEeOX0SQyesy6XHPDDPKCu5qEqt+BEvovUbtM7aywkuU3HbRmzeqOUnLJGMpd5L5W/r5Obrde5yaUm19Tl5c7b6m8c7Xf8A2zFlkmp7H4fCCeRxSbi3HzHk8tLM13JDVSg+JNIqeT2OOEMuFZMeRNJ1NPrDw37e4MouMtr6nC0mte5NOp+TpYtTvpN/QrWtaQVchRalBNd3/YJRLFCkXtGKIW0oVtJtG7SbSj6NZLBsh852EQElgHZYFl2ARLBsqyKOy7F2XYBFgWWmQESwLLsA0y7AslkU2yr5BT4LTANMNMUmEmA+Mg0xCYcWVDlLoNjLgy7qJ8T3A2we+STnGP1sxesYNHjxSyT1Ep5O0ccO/wBX/gnx1G2+X4OX6lmk09qvJ79irK4GrSU6ap+DDnuK4i6+gepz5fiNOcn/ANsqQUcuL4dZMmRt9uf7nOukczJlgvvJ/gIlq8HS2n7o6U9NinzFtfUy59Fi28/oWYe2CWaMn8rTE526tPlB5dHTbxyEvcotTXJ0jF/2TqJR1enlim+ZJp+5r0WLRfaL7PQ9D10Y4fXdA3PS5JSqOoh3V+f8HMypwnaNMdJj9SxxuTx6jG90MkHUovyjWa4157U/ZrWxnLDH0vVxy9Ftg5L8+howfYr1TBjjqNdppYI9Ywl976vweon6/wDav0GCp49XjrjJstv6nP8AVv8AqJ61rdJLFrcWCKpq1Gmhf8l+MXHlfs+/h+ramK6KR9D9My/CaZ87+zeJwWTUSbe5vlnrtFqt9JPk119Xj46H2g1D1GZqP3Dz/qOow6LSvLnk1FcJLq34O1qsbcNzPBfaLW6n95Ys2mbhHSZYuE0rSyL5k/0Qk24vV8YR6p6vqseeWKGGellHrHJBxmvqn0MuH1TWZHt+PNS+oz7Reteq/af1rU+q+taier1+eviZXFLhKkqXCSSEelaSebXYYRVtu39DrZI471Xa9K9QzfHhDUTct3Cs9IsiqjzOt07w+o6TFji9+9cHa9ahl0kseXH06NHKzXbjqyex6p/JJI40p8s3PMs+HdHrXQ50ncmIdGwfI6LEwQ6KKSGxGpCojoImtYJcFT5XT8i5OgJMsRSddQrFsq6AY5AS59mU3ZUgVFNp8j4TMbGY2+5WXRw53jkmmd/QesQ2KGVKa/1wUv14Z5Ry44D02SSycGoPW6nU6LLytNKL/wBGRpfk7ME5Qt7IyS95X/YvTuOXDclQqfDoNRLIwS0wCQ6HLXNCEOx22kurKHarOtNgjkjw5WsS78dZv/Zf8Hl9Xq5OLSfU7nr2WOWe/Hxix44YMa+itv8AFs8xn5bNRz6pM877ipZmypq2Wsb8GnMpzkRSY74L8AODXYqG6fJTOpp83KVnGjwzXp5/Mgsr13p7eSEUubZtjE5HomWs6V8dUdyC6e5qOkodpe0ZRdFUraTaNolFHubKsops+c7Csu+ALJZAVk3AWU5BTLJYvcSyBlk3CtxdgN3E3CtxNwU6yWK3E3kDrJYrcTcA5S9y0xO5BKQDkwtwncXuoIcpBKdUZlIp5KA17+AZT4MjzN9A8ankkoQjKc30jFW2UMjvyN7IylXhHM9Sc1ujJqK7q7Z19XjwaDDeqyqeof8A7ON2o/8Ac/PsvzPNazUSz5HJ1GPaK6IUk1z5w+Z0B8FvtZrjjlN1FNm/T6KTrdS+ro5u09OZixJKnF35Kz6ZShW2V/6Wmepxemw2qW+N+LM2r0WNu/iRT+jKza8HqsWXDNuLU4e6poXs+LG3Gmeq1miTi7y42vLT/wAHKnpUn8s8UvpL/KNxmvPanTvlpGfCp4silBtNHo8milL+Xj25M0vT3F27/I1KxYmH1L+A45o3x1R5L1rTLX6nbBbYN8uj1EsUbcerRmz6XfDhVZqXGbzrzGojDSYceDCvkiP9Lyyeogl3Y7LoceDUTya9yjhpKL8HWwehw2Q1GkyRnCSuMkzUm
Build info: version: '4.5.0', revision: 'fe167b119a'
System info: os.name: 'Windows 10', os.arch: 'amd64', os.version: '10.0', java.version: '1.8.0_202'
Driver info: org.openqa.selenium.chrome.ChromeDriver
Command: [3abbbdb9f5b164e60184f018df8c1a07, executeScript {script=return Math.max(document.body.scrollHeight, document.body.offsetHeight,
    document.documentElement.clientHeight, document.documentElement.scrollHeight, document.documentElement.offsetHeight);, args=[]}]
Capabilities {acceptInsecureCerts: false, browserName: chrome, browserVersion: 106.0.5249.119, chrome: {chromedriverVersion: 106.0.5249.61 (511755355844..., userDataDir: C:\Users\DELL\AppData\Local...}, goog:chromeOptions: {debuggerAddress: localhost:51636}, networkConnectionEnabled: false, pageLoadStrategy: normal, platformName: WINDOWS, proxy: Proxy(), se:cdp: ws://localhost:51636/devtoo..., se:cdpVersion: 106.0.5249.119, setWindowRect: true, strictFileInteractability: false, timeouts: {implicit: 0, pageLoad: 300000, script: 30000}, unhandledPromptBehavior: dismiss and notify, webauthn:extension:credBlob: true, webauthn:extension:largeBlob: true, webauthn:virtualAuthenticators: true}
Session ID: 3abbbdb9f5b164e60184f018df8c1a07
at ru.yandex.qatools.ashot.util.InnerScript.execute(InnerScript.java:32)
at ru.yandex.qatools.ashot.shooting.ViewportPastingDecorator.getFullHeight(ViewportPastingDecorator.java:67)
at ru.yandex.qatools.ashot.shooting.ViewportPastingDecorator.getScreenshot(ViewportPastingDecorator.java:41)
at ru.yandex.qatools.ashot.shooting.ViewportPastingDecorator.getScreenshot(ViewportPastingDecorator.java:35)
at ru.yandex.qatools.ashot.AShot.takeScreenshot(AShot.java:145)
at com.utilities.Screenshot.take_screenshoot(Screenshot.java:27)
at GelCareers.GelCareers.Carrier_1.AfterMethod(Carrier_1.java:133)
at sun.reflect.NativeMethodAccessorImpl.invoke0(Native Method)
at sun.reflect.NativeMethodAccessorImpl.invoke(Unknown Source)
at sun.reflect.DelegatingMethodAccessorImpl.invoke(Unknown Source)
at java.lang.reflect.Method.invoke(Unknown Source)
at org.testng.internal.MethodInvocationHelper.invokeMethod(MethodInvocationHelper.java:132)
at org.testng.internal.MethodInvocationHelper.invokeMethodConsideringTimeout(MethodInvocationHelper.java:61)
at org.testng.internal.ConfigInvoker.invokeConfigurationMethod(ConfigInvoker.java:366)
at org.testng.internal.ConfigInvoker.invokeConfigurations(ConfigInvoker.java:320)
at org.testng.internal.TestInvoker.runConfigMethods(TestInvoker.java:701)
at org.testng.internal.TestInvoker.runAfterGroupsConfigurations(TestInvoker.java:677)
at org.testng.internal.TestInvoker.invokeMethod(TestInvoker.java:661)
at org.testng.internal.TestInvoker.invokeTestMethod(TestInvoker.java:174)
at org.testng.internal.MethodRunner.runInSequence(MethodRunner.java:46)
at org.testng.internal.TestInvoker$MethodInvocationAgent.invoke(TestInvoker.java:822)
at org.testng.internal.TestInvoker.invokeTestMethods(TestInvoker.java:147)
at org.testng.internal.TestMethodWorker.invokeTestMethods(TestMethodWorker.java:146)
at org.testng.internal.TestMethodWorker.run(TestMethodWorker.java:128)
at java.util.ArrayList.forEach(Unknown Source)
at org.testng.TestRunner.privateRun(TestRunner.java:764)
at org.testng.TestRunner.run(TestRunner.java:585)
at org.testng.SuiteRunner.runTest(SuiteRunner.java:384)
at org.testng.SuiteRunner.runSequentially(SuiteRunner.java:378)
at org.testng.SuiteRunner.privateRun(SuiteRunner.java:337)
at org.testng.SuiteRunner.run(SuiteRunner.java:286)
at org.testng.SuiteRunnerWorker.runSuite(SuiteRunnerWorker.java:53)
at org.testng.SuiteRunnerWorker.run(SuiteRunnerWorker.java:96)
at org.testng.TestNG.runSuitesSequentially(TestNG.java:1218)
at org.testng.TestNG.runSuitesLocally(TestNG.java:1140)
at org.testng.TestNG.runSuites(TestNG.java:1069)
at org.testng.TestNG.run(TestNG.java:1037)
at org.testng.remote.AbstractRemoteTestNG.run(AbstractRemoteTestNG.java:115)
at org.testng.remote.RemoteTestNG.initAndRun(RemoteTestNG.java:251)
at org.testng.remote.RemoteTestNG.main(RemoteTestNG.java:77)
Caused by: org.openqa.selenium.UnhandledAlertException: unexpected alert open: {Alert text : asdsad@asdsd.com|3|1|Custom|Duty|officer|1995-04-27|sadasd,dxfdf|1|1|NA|NA|NA|0|0|0|0|undefined|</textarea></textarea></textarea></textarea></textarea></textarea></textarea>|</textarea></textarea></textarea></textarea></textarea></textarea>|NONE|2147483647|2147483647|asdsaddasdsadadasdasdsa|Yes|S05|1|1|14|jpg|/9j/4AAQSkZJRgABAQAAAQABAAD/2wBDAAYEBQYFBAYGBQYHBwYIChAKCgkJChQODwwQFxQYGBcUFhYaHSUfGhsjHBYWICwgIyYnKSopGR8tMC0oMCUoKSj/2wBDAQcHBwoIChMKChMoGhYaKCgoKCgoKCgoKCgoKCgoKCgoKCgoKCgoKCgoKCgoKCgoKCgoKCgoKCgoKCgoKCgoKCj/wAARCAGQAoADASIAAhEBAxEB/8QAHAAAAgMBAQEBAAAAAAAAAAAAAgMAAQQFBgcI/8QAPBAAAgIBAwMCAwUHAwMEAwAAAAECEQMEEiExQVEFYRMicQYygZGhFBUjQlLB0WKx4Qdy8DNDgvEkJVP/xAAZAQEBAQEBAQAAAAAAAAAAAAAAAQIDBAX/xAAgEQEBAQEAAwADAAMAAAAAAAAAARECEiExA0FRE2Fx/9oADAMBAAIRAxEAPwD6BSLVFEPFr64uAlQBaCjC7AJlpkBoJAplpkBoNMBBIimJhICISIDQS+gKCRASXsEl7AoNBdEuBkRfAcWQ0+NIdGRni+BkWQP7lrgFOi0wlOhwMUutiEwosms40KRUuvAtBBMWnQLb7kbVAsNJITNjGxUmnyNWF5HxyjNkfDsdkkjLklZY1SMj4ZiyPk1ZXaMeV8liaz5nRiyvh2jVlMeV8Gmay5jHmfWkjTl4uzNk7lRmnX/iM80jRMRkdciBM68GeaV9B83aYmXJpkmaXsJml4HyFSRpCJJeBUkvA+YmRqVCZJeEKkl4Q6QqSNymEyS8ANLwOkgGjUqYTJLwgGl4Q2SFyRqVC2l4BaXhBsFmpUoHXgFpeA2AzeoFpeEC0vCCZTACSXhC2l4Q1gMoW0vCFyS8IcwJEQhxXhC3FeEOkhciBbivCBcV4X5BsFgLcV4/QFxXhDGCEA4rwgXFeEGymAtpeEBJLwhrFyKhbS8IFpeEGwWVQUvCJS8IsoCqXhFUvCCJQA0vCJS8IsgH6mIVZLPnPUIsCwkyKKwkwEEgo0wkCgkQEg0wEEiA48jELXYOyINBrgWnwXYDbLsWmFdkUdhxYpBwJVPgNTERYakQaIyCsVAdCEpdEC+hKQcWKa2y5LUlRGT1LgjkJ3FqQMNsFsFy4YLkCCbFSfuSUhcnwGoXlZkyOx+R88mWcuxqLSsjZlzPkdlsyZXwaZpGVmTLyzTMzzRWWPKZshqyLhmXJ0YRlyLlMRkNGQzz6mis7VKkKa5HSFSKhchMkNkLkWITITJD5C2ihTiKlE0NASRZRncRckaGhcompTCGhUkaJIXOJuVMZ2gGhzQuSNSslMpoNoFo1KlA0DQxoGjWoW0U0MaKoahNAyQ6gZIaM8o9RLRqkhU1RNGdoFoZJANE0KaKYxoFl0LZTCaBaLqBYqfUaxUywADQTKKBKYVAtFRRCygLKIRAfqBMJMWmWn7nzXsMTLQCfhhJhRoJMBdepbfBE01Oi7FxbCsgYmFfACfuFu8AGmGnwKQSZENUgtwtMuyKbuLvgVZe7gKcnwHFmfeHGRKrRF8WGpcmdPgYpGVacUluOjhyRUPDOPF8j45GNZ658mjNNOToUpdSrsq66E1ZMMTCUuRSYSfJA1SKbAUi3IqJJ11FzfBcmKnLsiqXNN2+yM2Tqx02ImyjPkM2Q05DPk7mozWaaM+XsapozzXk0jHkMuTubMq6mXKuoRkyLkyZDXk4MuRcs0M8hUh0xMghcxMhsxUjUQDBYTKKAaBaDZQCpIW0PaBaLKrPKIqcTTKIqaN6jNJCpI0TQmSNazSWgWhrQDRZUBRTQTKZpkDRTDKZQsFoY0CyaFSQmaHyFT6DQhoXJDZAMBTQLQ1gNALaBkMkgGVC2hUkOYD4RdQpoBjWBI1qAKCKKoSmEQCiJllAfpmNsPt15F264oKL8o+dXqGn5Cuhal+YW7jkmmmRZa+oq/ASlXFk1Tr+oSbE7uAlMahqfZ8B8UIu+hafBA5SoNS4M6kFuCn7i91ISpF7kQPjIm72FJquC0yKcmMhIz7g4sg0J8BqRnixqZlo6L5GRkIXUZFkDlK2EKi+Q01TAK2i0wLI2FHZd8C9xdlMFJiZMOTFyEQEmIyDn3FTNQZsgmY7IhMupqJhEzPkNU0Z8i4KyyZOTLlNeRGbIrTCMORGbKuTblRkyosGWYmQ+aEyNITPoJkOn0EyNRAMphMFlRTBYTKYFMGgimAElwJkhzFyKETiIkjVJCZo3KM7QDQ6SAkiyoU0CMaAaNyshKCaKKyCQDDYLM6pchUh0hTARJAMbNci2gFsFjGAyoBgSGMXIoXIXIaxckVC2Cw2gWXUCymEU0VAFB0DRVQouiqA/S/jkJ9PAuPKCPmvUNfXknYFdC7AJMLtYHQLsEXaZa6g2q6clqXgimpl3aAulwWnwAa9wrpAJ8F2QFZYCYQUaZd8A3ZcWRTIuhkWKT/EKLJQ5MZFiIsbFmVOixkWIixsSKamGhaYS5AJeS0vBF0CBqirJ5KZVRsXJltlTlvkuEu3BU0Lar3ByKoqXZ3+hxvtT6vH0t48WP5s7ju9kjyj+2eq0+bG8sIzwc7l359yyM3p7nLIzy6l6PV4PVdBi1uimpYpx+bzFrhp+5TKS6FoTkQ9oXNcFKw5UZsiNuVGXIioxZFwZMq5NuRGbL1ZUYsiETRqyIz5EWIzT7iJGmaETXJqIWwWEwWUUwS2UVEBbI2A2BGxcmRsGyiMXJBgyLAmSFyQ6QtlCmgGNaAZqVmltAsNlM1rJbAYxi5EASFsZIXIKXIW0NYtgLaAY1gNBMKYEug1i5FQtgMYwGaC5AhyAZYgWigmUyoGigiFAkoKiqA/RyfHUKxfJaXsfOeo2MglJCk6CQDUy7QtEqwhpOwBCKYnRe4WmEnwQMTLvyL3BJuhoYghaCRNUaZaYHJa6ck1TFJV7hxYlUMgQOi+BkWhK6Bx7EU+L5GR7CIjEyB6XAaYmLDUgHJhWJT5DsAnyA2MUZSi3FWkJfuU0yGNzTrlrwDFJb4yXO1tfVc/5JjbU4yi3GSfEkL+0eVY/S554NY5qmpLo+a/D/zyakZtx8y+02qlr/Vs2Tte1fRHI1GlWTFPHLpKNX49zq5MD+O5PlN9QNTFQZdZeY+y32l1P2a9Qyxknk083WXE3w+eq9z7P6dqdP61osvqOjmp4m06XZt8pnw37Q6NLNLLBVu54O9/0p+0S9I9Yei1c9uh1q+FO+kJP7svzo19TcfUpKgJK0zTrcUsM0peEJxrfwZdGLIjLkXU25kZMhqIx5UZciNuRGTKioxzRmyI2ZEZsiKjLNCZo0TQmZYjPJA02NceS1GzSEODBcGbFiYEoUTVxjlFi5WjXOIiaLExnYIUlyAyiNgyLbBZVCwGGxcioGQDDYDNRKBgMNgsMgYEg2DIoXJC2hrBaASxbQ2SBYCmAxrQtlC2gGMkgGEKkA0NaFtGkLYLQxopoqFUVQxoFooCiqDolFQFEoOiUUfohFlEs+c9Qi0wbLIg7LALTANMsFMtAGmT3oAJN9mShiLQFui105MqYi+wKfBL8BTE7CbF2W7pckDE0EuolPkZF8EU6LGJiE3QyLIHRYyLQmLDQDkMTEphp2MDb6Fp0BFl2VZTFklGLSfDFufIMpUgVyA+D44OR9rs0l6WoRnsn8XmL6SVU0/0f4HZwNfFhf3bSf0PKfb3M4rS6dffW6U17Lg1Geq85gbU9rT2t8pi/UKVtdAsc7xJv7y/VGbPku75TLjLk6zGs0JRZ5LUY3g1EotU0z1+VqM2r4OB65H5lKufPkso+r/YX1+PrPoGHR6ie7WYYvHuk+ZJfd/2o72CLjKN9HTPgXofqeb0vXw1GnlyuJRb4ku6Z9M9E+3mLVaj4Wrw7FOmpXypd0/Z+TWakuenrssE1J9row5sb7DdP6ro86mvj41HI/lbfSSYWnni1UMksM1Nw+/FPmPkmNa504cGPKuTsZML5SRgz4WoqfZtr8v/ALA500Z8iNeSNGfKijHNCnDhvsa1j3SoTnkm9sfuoqM20uKLotIo0Yfh0977cGXNXYdGEpJ0uF1fgRljSsGs8zPkGZJGecioXMS2HNi2aEIQphAsBhsBlUDAYUmBJmolUwWXYJWAsFhsBgCUwmC+oC2gGhrQLQCZIW0OkgGihLQDQ6SFtFQpoBoc0A0UKoqhtE2lQlxBcR7iU4lQmiqG7SbShW0m0btJtKPvtksGyWfPegdl2BZLIGWRNJcAWSwGplpiky7Iptl2LslkDky7EphJkDov3LbvoK3UFvS+hA1EsBSLUl9fxJQ1BpibVf8AIcWRTosbH9REH0GqXgppqfIcWJQyL4pgNi7YaYpMJSAam+C3LgWnYe19ygGwovlFbGwlFpriwrTgUZ5YRfCk6PB/brP/APuJNtqSiotPs+jPcaqUdKo5HJfDfzQk+68fU+c/b/W49X6k88ZLhctdzUmM3258dQmkp8xfSS6r2EarJsi2mmn0fY5K9RWKVOtjXzWY9V6qk3sueJ+S4h+XWRcufo/KMHqGSOXG4Xz2s5+r1Cm3kxvjv/5/c52bVyaqy4mqy5dj60ysetlDLBxlXzL/AHMmpbyQjO+vD+phuUZx57o3Ixa7UvXM2PNki8ktu99+nJ1NJ9r9Vgz49Tp88oamPEpRfE17+54fUSfxZu/5n/uIeRp8M3jGvt2g/wCo8srg8jinJbZxca2vtJe3ldj0/p32p9P9TwzjvjizW5/Dk+jdbkvxS/M/N+LUyj3Ztw6/LFpxk7Xe+ReYs7r9ETlCabhJP6GacWz476Z9pvUNPKO3PKlxy+q8M956J9stNnwVr08c4L53GN7vCM+OOk7lejyrbjcV96S5+nZfiY8mNwUXPhTVxb8efoc3U/a7Qx3ZMemyZ538sJvbH6yrl/Q896p9qNdrJylFRhKXWVW/ouyQxdewk8UMUs2aaxw/kTfMvf6e5hyer6DD/wCrnuX9MFb/AB8HgNRq9XqJuWXNKcn3bsDFGSfzETa+gS+0WnnHZixSaXvUV/ll/vXBkw7eEu8l1fsl/c8TCTSOt6Hp56zJklKShhx9W+rfsIa6ebLvlceF2QpsmRxTe267WBZpUbBbLkqAsoIoqyrCJIXINci8iphQSYDZcgGaiIUU2VZWUsqyMoCMpllMqKBaCIwFNC2h7QEkAloBoa0C0VCWgWhzQLiWBVEoZtJtNIXRTiO2lbShO0m0dtL2lCNpNo/aTaEfa7LsAlnz3oMsli7LsA7JYCZLAZZdi7JZFM3BJirLsIamS6Fpl2QO3cFb15Qu+CmuCVWiMvqEpd2Ig6VPkNSINCl5GRZlUmNxz8kGiMqGRfJnUkxilyFaIvkYhMXYSkEPTL3IVuLTKpu5ov4sl/M/zE2RyssK0R1GRfzP8QlqmnclF/gZWwXXWcqXt1KivtBq9Lm9NnCW5J88OnGXlXwfJPWMsZymo5eV0Uo/3R7n7X6/4el+Etyc1xbt0fNdVbbKSOdP48rqMZ1/S7MOSbtppp90zdkik7M+XJJqpfMv9XJYljC7UrQnLBctdDY9t8KhWWNpmtZc6cvknD/5L6r/AIMUn8y+ptzRcZ2Yssaf4m4xWPNK5S+rM8/u2Oyqk2JTuLRuOYFIdhk7RjUjVpv6n0KkdLC6o6EMrhGMb5fzP+xzNK901fTq/oalNym2+rMtx1sObckn1NFL8Tm4pfCin/PJceyNennZix1laFHkNRLgr+pu9P0k9TlUMcbbMLQaPRZdTkjDHHl9/B6WGihotO8Oixzb/wDcyPu/7HY9Kw6X0jGpZoY3NrrkfH6HL9U1stTnk4znOF/LGmor6I1EYseFZFNymo7VYmMW2klbfRDpY5prfwnzS6lPMoOsdfEapNc7V/n3NLsJz8T2rtw/qLNGDS5dRkUMUd0n2Q/No/2bLLFKUcmWPDUHcYv69wn1z2U2a8ukyRx73GST6cdQIaWTxvJk+SC7vuNVm3ULlK+o/UYnDHGdNRfRvjd9PJlbLCo2Cy2CzSKYLLBYRbKIQCFMhConYosoIpgtBlNFCpIBoc0A0ELolB0VRoDRKColGkDRNodEooXRe0ZtL2lCtpe0bRKA+uWXYNkPnu67JZRQBWSyiWQFZAbJYB2XYFkT5IGJl2BZLAYmWpC7JZA3dRd31FphWFNTDjIz3zyHFhWmMuBsZGVMYpEGuEw1IyRlz5GKXQI0qXIakZ1LkZF+5TTdxE2yoU31S+rNUYYYK82STXjHG2WQtJSX8yb+jMHrPqePQ6bdH4eNv7r6yf0b/sD6165HS4ZQ0OlUZ/8A9MvzNfh0PnfqmrzanNLLqMksmR9ZSfI+E9p6nrJanLKc5W33bOPm2NvdkSXsmy8krbMmSfIaKzKD6OT/AAoyZIr3/I0SyRXW2LeSL7GmazODF5I0a5Si1wZpyi+6X4lRhywTObqtsJ7WzstRk6Uot+zOD6/H4bjOHTv7Gub+nPr1NI1WP+DJrwcqM+q7o7Ohk82jafLOU9PL9qaiuOp1jj0zq93JrxtuKrp0GZtI1Hhci3/AxST+81+pUjdpZpRkk+ao24El80laXbyzl+nQk7b7nVgvwSM105OhunK3bkzdpopSVu34Rmxrikqj/v8AU24UlTMWukdbSaaWWlBX7I9h6dl0fouh3z2vPJct9jyeg1i08Nz7HP8AUvVsuom05vb4JIWvS+ofaOGplJLGopdK6s5GX1aTkuaXZLseeWZvuXvNYmu/L1BzXzTb9hT1rXRnG3vyWsjQNegw+qZIRrF8t8N3ybdD6ioNOfNeef0PLwzvuOhqHRFe9x+uaScduaM8n+ltJP6+S82tebnS6fFCXac2pNfS+F+R4NaiSfU26f1SeHtfsxq46mq0+pnllPK3km+snLd+pklCUXTVD8H2l2rbk0mGa88phT1sNYvkjPGvCkq/2NGsbBbGyhXdg7PqFKYLY7JhlGG6S2x7Xxf0EMqJZLKIVFkKsgFkKLKi+xRaIq7lQDKo0RhudRi2yPGqsIzUVQ6UUugto1ANF0FRKKgaLoKi6NAaJQaRdFAUShlEoD6kSyiHz3YRLBIAVkBLsgshRAqywSyAi7AJYB2SwC7IDTLT5ATJYUwJMUmEmFOjIZF8meLGKQRoUg0xEWMUgNEWGpCFLgKLLEN3PsGo7o/O0vcDG4J3PdXiKEepet6bQYX+zadZtT2eXmMfeu5Vcn7QPDpsW/Im933d3G76Lx7nhdXleXI3VI6fqmpz6zUTz6vJPJll1lJ8/wDH0OTKLbM63zGfI1GLbOJrtVJN7EdfVRlLijnz0Tn1RecTqWuDnzZ8jrfIvT6TNPmWSdfU7UdDji7at+5ox44XXFnTy/jn4f1x9WnotFkytye1Xyzyub4+fGpZXOUsj4irbbfRJeT2H2ljfpmauys8766s/py9MyYJSxTX8XHkjw1KLVNfQ3y5duF6ppNf6TrXh1mDU6TUxSlsypxlT6MfovU5Z/4Ot5UuFP39yvWvU9f616hk13quqyavV5ElLJkfNLouOEjn48dzUa4fB0slcvj2fpWi+HFp01fY6um9KxyeSaj1VdDifZfUTy4vh5HcoPa77+D3npGNTxqNdeDltldpljyuq9P2yfHB5/UaKU9Rf8qPpPq2CGDHOc1wkeReL+HKVctmvJnxcaco6WC8mv0uf7Vbkqijn6jS5tTqnuW2C4R6D07TQ0+CMYr6tk6uReZtPhGEVSx2/MmO+M0vlhiX0gv7ghbbRz11wnPqpxjVr8Ekc7JllJ8mrWR/h34OdJm459HRyUEsjZnTGRNMnpjIsShkWFMUqDT9v1FqmVJJdyKcpuwnO+7M6fIW5kb0bfPU0afM4Pt+JjkylKujaLGa9Po9XFVez8Ub3rIRj/DlGL/0RPGwztd0aMOokpXbRU119RleSbbbb8t2xLD00oZkk5tP/tsbk01fdmpfg0VrWYouSafJQRC7BJZQSLBTGQXkouMGzRhwOctsIynLxFWysfEeOX0SQyesy6XHPDDPKCu5qEqt+BEvovUbtM7aywkuU3HbRmzeqOUnLJGMpd5L5W/r5Obrde5yaUm19Tl5c7b6m8c7Xf8A2zFlkmp7H4fCCeRxSbi3HzHk8tLM13JDVSg+JNIqeT2OOEMuFZMeRNJ1NPrDw37e4MouMtr6nC0mte5NOp+TpYtTvpN/QrWtaQVchRalBNd3/YJRLFCkXtGKIW0oVtJtG7SbSj6NZLBsh852EQElgHZYFl2ARLBsqyKOy7F2XYBFgWWmQESwLLsA0y7AslkU2yr5BT4LTANMNMUmEmA+Mg0xCYcWVDlLoNjLgy7qJ8T3A2we+STnGP1sxesYNHjxSyT1Ep5O0ccO/wBX/gnx1G2+X4OX6lmk09qvJ79irK4GrSU6ap+DDnuK4i6+gepz5fiNOcn/ANsqQUcuL4dZMmRt9uf7nOukczJlgvvJ/gIlq8HS2n7o6U9NinzFtfUy59Fi28/oWYe2CWaMn8rTE526tPlB5dHTbxyEvcotTXJ0jF/2TqJR1enlim+ZJp+5r0WLRfaL7PQ9D10Y4fXdA3PS5JSqOoh3V+f8HMypwnaNMdJj9SxxuTx6jG90MkHUovyjWa4157U/ZrWxnLDH0vVxy9Ftg5L8+howfYr1TBjjqNdppYI9Ywl976vweon6/wDav0GCp49XjrjJstv6nP8AVv8AqJ61rdJLFrcWCKpq1Gmhf8l+MXHlfs+/h+ramK6KR9D9My/CaZ87+zeJwWTUSbe5vlnrtFqt9JPk119Xj46H2g1D1GZqP3Dz/qOow6LSvLnk1FcJLq34O1qsbcNzPBfaLW6n95Ys2mbhHSZYuE0rSyL5k/0Qk24vV8YR6p6vqseeWKGGellHrHJBxmvqn0MuH1TWZHt+PNS+oz7Reteq/af1rU+q+taier1+eviZXFLhKkqXCSSEelaSebXYYRVtu39DrZI471Xa9K9QzfHhDUTct3Cs9IsiqjzOt07w+o6TFji9+9cHa9ahl0kseXH06NHKzXbjqyex6p/JJI40p8s3PMs+HdHrXQ50ncmIdGwfI6LEwQ6KKSGxGpCojoImtYJcFT5XT8i5OgJMsRSddQrFsq6AY5AS59mU3ZUgVFNp8j4TMbGY2+5WXRw53jkmmd/QesQ2KGVKa/1wUv14Z5Ry44D02SSycGoPW6nU6LLytNKL/wBGRpfk7ME5Qt7IyS95X/YvTuOXDclQqfDoNRLIwS0wCQ6HLXNCEOx22kurKHarOtNgjkjw5WsS78dZv/Zf8Hl9Xq5OLSfU7nr2WOWe/Hxix44YMa+itv8AFs8xn5bNRz6pM877ipZmypq2Wsb8GnMpzkRSY74L8AODXYqG6fJTOpp83KVnGjwzXp5/Mgsr13p7eSEUubZtjE5HomWs6V8dUdyC6e5qOkodpe0ZRdFUraTaNolFHubKsops+c7Csu+ALJZAVk3AWU5BTLJYvcSyBlk3CtxdgN3E3CtxNwU6yWK3E3kDrJYrcTcA5S9y0xO5BKQDkwtwncXuoIcpBKdUZlIp5KA17+AZT4MjzN9A8ankkoQjKc30jFW2UMjvyN7IylXhHM9Sc1ujJqK7q7Z19XjwaDDeqyqeof8A7ON2o/8Ac/PsvzPNazUSz5HJ1GPaK6IUk1z5w+Z0B8FvtZrjjlN1FNm/T6KTrdS+ro5u09OZixJKnF35Kz6ZShW2V/6Wmepxemw2qW+N+LM2r0WNu/iRT+jKza8HqsWXDNuLU4e6poXs+LG3Gmeq1miTi7y42vLT/wAHKnpUn8s8UvpL/KNxmvPanTvlpGfCp4silBtNHo8milL+Xj25M0vT3F27/I1KxYmH1L+A45o3x1R5L1rTLX6nbBbYN8uj1EsUbcerRmz6XfDhVZqXGbzrzGojDSYceDCvkiP9Lyyeogl3Y7LoceDUTya9yjhpKL8HWwehw2Q1GkyRnCSuMkzUm}
  (Session info: chrome=106.0.5249.119): asdsad@asdsd.com|3|1|Custom|Duty|officer|1995-04-27|sadasd,dxfdf|1|1|NA|NA|NA|0|0|0|0|undefined|</textarea></textarea></textarea></textarea></textarea></textarea></textarea>|</textarea></textarea></textarea></textarea></textarea></textarea>|NONE|2147483647|2147483647|asdsaddasdsadadasdasdsa|Yes|S05|1|1|14|jpg|/9j/4AAQSkZJRgABAQAAAQABAAD/2wBDAAYEBQYFBAYGBQYHBwYIChAKCgkJChQODwwQFxQYGBcUFhYaHSUfGhsjHBYWICwgIyYnKSopGR8tMC0oMCUoKSj/2wBDAQcHBwoIChMKChMoGhYaKCgoKCgoKCgoKCgoKCgoKCgoKCgoKCgoKCgoKCgoKCgoKCgoKCgoKCgoKCgoKCgoKCj/wAARCAGQAoADASIAAhEBAxEB/8QAHAAAAgMBAQEBAAAAAAAAAAAAAgMAAQQFBgcI/8QAPBAAAgIBAwMCAwUHAwMEAwAAAAECEQMEEiExQVEFYRMicQYygZGhFBUjQlLB0WKx4Qdy8DNDgvEkJVP/xAAZAQEBAQEBAQAAAAAAAAAAAAAAAQIDBAX/xAAgEQEBAQEAAwADAAMAAAAAAAAAARECEiExA0FRE2Fx/9oADAMBAAIRAxEAPwD6BSLVFEPFr64uAlQBaCjC7AJlpkBoJAplpkBoNMBBIimJhICISIDQS+gKCRASXsEl7AoNBdEuBkRfAcWQ0+NIdGRni+BkWQP7lrgFOi0wlOhwMUutiEwosms40KRUuvAtBBMWnQLb7kbVAsNJITNjGxUmnyNWF5HxyjNkfDsdkkjLklZY1SMj4ZiyPk1ZXaMeV8liaz5nRiyvh2jVlMeV8Gmay5jHmfWkjTl4uzNk7lRmnX/iM80jRMRkdciBM68GeaV9B83aYmXJpkmaXsJml4HyFSRpCJJeBUkvA+YmRqVCZJeEKkl4Q6QqSNymEyS8ANLwOkgGjUqYTJLwgGl4Q2SFyRqVC2l4BaXhBsFmpUoHXgFpeA2AzeoFpeEC0vCCZTACSXhC2l4Q1gMoW0vCFyS8IcwJEQhxXhC3FeEOkhciBbivCBcV4X5BsFgLcV4/QFxXhDGCEA4rwgXFeEGymAtpeEBJLwhrFyKhbS8IFpeEGwWVQUvCJS8IsoCqXhFUvCCJQA0vCJS8IsgH6mIVZLPnPUIsCwkyKKwkwEEgo0wkCgkQEg0wEEiA48jELXYOyINBrgWnwXYDbLsWmFdkUdhxYpBwJVPgNTERYakQaIyCsVAdCEpdEC+hKQcWKa2y5LUlRGT1LgjkJ3FqQMNsFsFy4YLkCCbFSfuSUhcnwGoXlZkyOx+R88mWcuxqLSsjZlzPkdlsyZXwaZpGVmTLyzTMzzRWWPKZshqyLhmXJ0YRlyLlMRkNGQzz6mis7VKkKa5HSFSKhchMkNkLkWITITJD5C2ihTiKlE0NASRZRncRckaGhcompTCGhUkaJIXOJuVMZ2gGhzQuSNSslMpoNoFo1KlA0DQxoGjWoW0U0MaKoahNAyQ6gZIaM8o9RLRqkhU1RNGdoFoZJANE0KaKYxoFl0LZTCaBaLqBYqfUaxUywADQTKKBKYVAtFRRCygLKIRAfqBMJMWmWn7nzXsMTLQCfhhJhRoJMBdepbfBE01Oi7FxbCsgYmFfACfuFu8AGmGnwKQSZENUgtwtMuyKbuLvgVZe7gKcnwHFmfeHGRKrRF8WGpcmdPgYpGVacUluOjhyRUPDOPF8j45GNZ658mjNNOToUpdSrsq66E1ZMMTCUuRSYSfJA1SKbAUi3IqJJ11FzfBcmKnLsiqXNN2+yM2Tqx02ImyjPkM2Q05DPk7mozWaaM+XsapozzXk0jHkMuTubMq6mXKuoRkyLkyZDXk4MuRcs0M8hUh0xMghcxMhsxUjUQDBYTKKAaBaDZQCpIW0PaBaLKrPKIqcTTKIqaN6jNJCpI0TQmSNazSWgWhrQDRZUBRTQTKZpkDRTDKZQsFoY0CyaFSQmaHyFT6DQhoXJDZAMBTQLQ1gNALaBkMkgGVC2hUkOYD4RdQpoBjWBI1qAKCKKoSmEQCiJllAfpmNsPt15F264oKL8o+dXqGn5Cuhal+YW7jkmmmRZa+oq/ASlXFk1Tr+oSbE7uAlMahqfZ8B8UIu+hafBA5SoNS4M6kFuCn7i91ISpF7kQPjIm72FJquC0yKcmMhIz7g4sg0J8BqRnixqZlo6L5GRkIXUZFkDlK2EKi+Q01TAK2i0wLI2FHZd8C9xdlMFJiZMOTFyEQEmIyDn3FTNQZsgmY7IhMupqJhEzPkNU0Z8i4KyyZOTLlNeRGbIrTCMORGbKuTblRkyosGWYmQ+aEyNITPoJkOn0EyNRAMphMFlRTBYTKYFMGgimAElwJkhzFyKETiIkjVJCZo3KM7QDQ6SAkiyoU0CMaAaNyshKCaKKyCQDDYLM6pchUh0hTARJAMbNci2gFsFjGAyoBgSGMXIoXIXIaxckVC2Cw2gWXUCymEU0VAFB0DRVQouiqA/S/jkJ9PAuPKCPmvUNfXknYFdC7AJMLtYHQLsEXaZa6g2q6clqXgimpl3aAulwWnwAa9wrpAJ8F2QFZYCYQUaZd8A3ZcWRTIuhkWKT/EKLJQ5MZFiIsbFmVOixkWIixsSKamGhaYS5AJeS0vBF0CBqirJ5KZVRsXJltlTlvkuEu3BU0Lar3ByKoqXZ3+hxvtT6vH0t48WP5s7ju9kjyj+2eq0+bG8sIzwc7l359yyM3p7nLIzy6l6PV4PVdBi1uimpYpx+bzFrhp+5TKS6FoTkQ9oXNcFKw5UZsiNuVGXIioxZFwZMq5NuRGbL1ZUYsiETRqyIz5EWIzT7iJGmaETXJqIWwWEwWUUwS2UVEBbI2A2BGxcmRsGyiMXJBgyLAmSFyQ6QtlCmgGNaAZqVmltAsNlM1rJbAYxi5EASFsZIXIKXIW0NYtgLaAY1gNBMKYEug1i5FQtgMYwGaC5AhyAZYgWigmUyoGigiFAkoKiqA/RyfHUKxfJaXsfOeo2MglJCk6CQDUy7QtEqwhpOwBCKYnRe4WmEnwQMTLvyL3BJuhoYghaCRNUaZaYHJa6ck1TFJV7hxYlUMgQOi+BkWhK6Bx7EU+L5GR7CIjEyB6XAaYmLDUgHJhWJT5DsAnyA2MUZSi3FWkJfuU0yGNzTrlrwDFJb4yXO1tfVc/5JjbU4yi3GSfEkL+0eVY/S554NY5qmpLo+a/D/zyakZtx8y+02qlr/Vs2Tte1fRHI1GlWTFPHLpKNX49zq5MD+O5PlN9QNTFQZdZeY+y32l1P2a9Qyxknk083WXE3w+eq9z7P6dqdP61osvqOjmp4m06XZt8pnw37Q6NLNLLBVu54O9/0p+0S9I9Yei1c9uh1q+FO+kJP7svzo19TcfUpKgJK0zTrcUsM0peEJxrfwZdGLIjLkXU25kZMhqIx5UZciNuRGTKioxzRmyI2ZEZsiKjLNCZo0TQmZYjPJA02NceS1GzSEODBcGbFiYEoUTVxjlFi5WjXOIiaLExnYIUlyAyiNgyLbBZVCwGGxcioGQDDYDNRKBgMNgsMgYEg2DIoXJC2hrBaASxbQ2SBYCmAxrQtlC2gGMkgGEKkA0NaFtGkLYLQxopoqFUVQxoFooCiqDolFQFEoOiUUfohFlEs+c9Qi0wbLIg7LALTANMsFMtAGmT3oAJN9mShiLQFui105MqYi+wKfBL8BTE7CbF2W7pckDE0EuolPkZF8EU6LGJiE3QyLIHRYyLQmLDQDkMTEphp2MDb6Fp0BFl2VZTFklGLSfDFufIMpUgVyA+D44OR9rs0l6WoRnsn8XmL6SVU0/0f4HZwNfFhf3bSf0PKfb3M4rS6dffW6U17Lg1Geq85gbU9rT2t8pi/UKVtdAsc7xJv7y/VGbPku75TLjLk6zGs0JRZ5LUY3g1EotU0z1+VqM2r4OB65H5lKufPkso+r/YX1+PrPoGHR6ie7WYYvHuk+ZJfd/2o72CLjKN9HTPgXofqeb0vXw1GnlyuJRb4ku6Z9M9E+3mLVaj4Wrw7FOmpXypd0/Z+TWakuenrssE1J9row5sb7DdP6ro86mvj41HI/lbfSSYWnni1UMksM1Nw+/FPmPkmNa504cGPKuTsZML5SRgz4WoqfZtr8v/ALA500Z8iNeSNGfKijHNCnDhvsa1j3SoTnkm9sfuoqM20uKLotIo0Yfh0977cGXNXYdGEpJ0uF1fgRljSsGs8zPkGZJGecioXMS2HNi2aEIQphAsBhsBlUDAYUmBJmolUwWXYJWAsFhsBgCUwmC+oC2gGhrQLQCZIW0OkgGihLQDQ6SFtFQpoBoc0A0UKoqhtE2lQlxBcR7iU4lQmiqG7SbShW0m0btJtKPvtksGyWfPegdl2BZLIGWRNJcAWSwGplpiky7Iptl2LslkDky7EphJkDov3LbvoK3UFvS+hA1EsBSLUl9fxJQ1BpibVf8AIcWRTosbH9REH0GqXgppqfIcWJQyL4pgNi7YaYpMJSAam+C3LgWnYe19ygGwovlFbGwlFpriwrTgUZ5YRfCk6PB/brP/APuJNtqSiotPs+jPcaqUdKo5HJfDfzQk+68fU+c/b/W49X6k88ZLhctdzUmM3258dQmkp8xfSS6r2EarJsi2mmn0fY5K9RWKVOtjXzWY9V6qk3sueJ+S4h+XWRcufo/KMHqGSOXG4Xz2s5+r1Cm3kxvjv/5/c52bVyaqy4mqy5dj60ysetlDLBxlXzL/AHMmpbyQjO+vD+phuUZx57o3Ixa7UvXM2PNki8ktu99+nJ1NJ9r9Vgz49Tp88oamPEpRfE17+54fUSfxZu/5n/uIeRp8M3jGvt2g/wCo8srg8jinJbZxca2vtJe3ldj0/p32p9P9TwzjvjizW5/Dk+jdbkvxS/M/N+LUyj3Ztw6/LFpxk7Xe+ReYs7r9ETlCabhJP6GacWz476Z9pvUNPKO3PKlxy+q8M956J9stNnwVr08c4L53GN7vCM+OOk7lejyrbjcV96S5+nZfiY8mNwUXPhTVxb8efoc3U/a7Qx3ZMemyZ538sJvbH6yrl/Q896p9qNdrJylFRhKXWVW/ouyQxdewk8UMUs2aaxw/kTfMvf6e5hyer6DD/wCrnuX9MFb/AB8HgNRq9XqJuWXNKcn3bsDFGSfzETa+gS+0WnnHZixSaXvUV/ll/vXBkw7eEu8l1fsl/c8TCTSOt6Hp56zJklKShhx9W+rfsIa6ebLvlceF2QpsmRxTe267WBZpUbBbLkqAsoIoqyrCJIXINci8iphQSYDZcgGaiIUU2VZWUsqyMoCMpllMqKBaCIwFNC2h7QEkAloBoa0C0VCWgWhzQLiWBVEoZtJtNIXRTiO2lbShO0m0dtL2lCNpNo/aTaEfa7LsAlnz3oMsli7LsA7JYCZLAZZdi7JZFM3BJirLsIamS6Fpl2QO3cFb15Qu+CmuCVWiMvqEpd2Ig6VPkNSINCl5GRZlUmNxz8kGiMqGRfJnUkxilyFaIvkYhMXYSkEPTL3IVuLTKpu5ov4sl/M/zE2RyssK0R1GRfzP8QlqmnclF/gZWwXXWcqXt1KivtBq9Lm9NnCW5J88OnGXlXwfJPWMsZymo5eV0Uo/3R7n7X6/4el+Etyc1xbt0fNdVbbKSOdP48rqMZ1/S7MOSbtppp90zdkik7M+XJJqpfMv9XJYljC7UrQnLBctdDY9t8KhWWNpmtZc6cvknD/5L6r/AIMUn8y+ptzRcZ2Yssaf4m4xWPNK5S+rM8/u2Oyqk2JTuLRuOYFIdhk7RjUjVpv6n0KkdLC6o6EMrhGMb5fzP+xzNK901fTq/oalNym2+rMtx1sObckn1NFL8Tm4pfCin/PJceyNennZix1laFHkNRLgr+pu9P0k9TlUMcbbMLQaPRZdTkjDHHl9/B6WGihotO8Oixzb/wDcyPu/7HY9Kw6X0jGpZoY3NrrkfH6HL9U1stTnk4znOF/LGmor6I1EYseFZFNymo7VYmMW2klbfRDpY5prfwnzS6lPMoOsdfEapNc7V/n3NLsJz8T2rtw/qLNGDS5dRkUMUd0n2Q/No/2bLLFKUcmWPDUHcYv69wn1z2U2a8ukyRx73GST6cdQIaWTxvJk+SC7vuNVm3ULlK+o/UYnDHGdNRfRvjd9PJlbLCo2Cy2CzSKYLLBYRbKIQCFMhConYosoIpgtBlNFCpIBoc0A0ELolB0VRoDRKColGkDRNodEooXRe0ZtL2lCtpe0bRKA+uWXYNkPnu67JZRQBWSyiWQFZAbJYB2XYFkT5IGJl2BZLAYmWpC7JZA3dRd31FphWFNTDjIz3zyHFhWmMuBsZGVMYpEGuEw1IyRlz5GKXQI0qXIakZ1LkZF+5TTdxE2yoU31S+rNUYYYK82STXjHG2WQtJSX8yb+jMHrPqePQ6bdH4eNv7r6yf0b/sD6165HS4ZQ0OlUZ/8A9MvzNfh0PnfqmrzanNLLqMksmR9ZSfI+E9p6nrJanLKc5W33bOPm2NvdkSXsmy8krbMmSfIaKzKD6OT/AAoyZIr3/I0SyRXW2LeSL7GmazODF5I0a5Si1wZpyi+6X4lRhywTObqtsJ7WzstRk6Uot+zOD6/H4bjOHTv7Gub+nPr1NI1WP+DJrwcqM+q7o7Ohk82jafLOU9PL9qaiuOp1jj0zq93JrxtuKrp0GZtI1Hhci3/AxST+81+pUjdpZpRkk+ao24El80laXbyzl+nQk7b7nVgvwSM105OhunK3bkzdpopSVu34Rmxrikqj/v8AU24UlTMWukdbSaaWWlBX7I9h6dl0fouh3z2vPJct9jyeg1i08Nz7HP8AUvVsuom05vb4JIWvS+ofaOGplJLGopdK6s5GX1aTkuaXZLseeWZvuXvNYmu/L1BzXzTb9hT1rXRnG3vyWsjQNegw+qZIRrF8t8N3ybdD6ioNOfNeef0PLwzvuOhqHRFe9x+uaScduaM8n+ltJP6+S82tebnS6fFCXac2pNfS+F+R4NaiSfU26f1SeHtfsxq46mq0+pnllPK3km+snLd+pklCUXTVD8H2l2rbk0mGa88phT1sNYvkjPGvCkq/2NGsbBbGyhXdg7PqFKYLY7JhlGG6S2x7Xxf0EMqJZLKIVFkKsgFkKLKi+xRaIq7lQDKo0RhudRi2yPGqsIzUVQ6UUugto1ANF0FRKKgaLoKi6NAaJQaRdFAUShlEoD6kSyiHz3YRLBIAVkBLsgshRAqywSyAi7AJYB2SwC7IDTLT5ATJYUwJMUmEmFOjIZF8meLGKQRoUg0xEWMUgNEWGpCFLgKLLEN3PsGo7o/O0vcDG4J3PdXiKEepet6bQYX+zadZtT2eXmMfeu5Vcn7QPDpsW/Im933d3G76Lx7nhdXleXI3VI6fqmpz6zUTz6vJPJll1lJ8/wDH0OTKLbM63zGfI1GLbOJrtVJN7EdfVRlLijnz0Tn1RecTqWuDnzZ8jrfIvT6TNPmWSdfU7UdDji7at+5ox44XXFnTy/jn4f1x9WnotFkytye1Xyzyub4+fGpZXOUsj4irbbfRJeT2H2ljfpmauys8766s/py9MyYJSxTX8XHkjw1KLVNfQ3y5duF6ppNf6TrXh1mDU6TUxSlsypxlT6MfovU5Z/4Ot5UuFP39yvWvU9f616hk13quqyavV5ElLJkfNLouOEjn48dzUa4fB0slcvj2fpWi+HFp01fY6um9KxyeSaj1VdDifZfUTy4vh5HcoPa77+D3npGNTxqNdeDltldpljyuq9P2yfHB5/UaKU9Rf8qPpPq2CGDHOc1wkeReL+HKVctmvJnxcaco6WC8mv0uf7Vbkqijn6jS5tTqnuW2C4R6D07TQ0+CMYr6tk6uReZtPhGEVSx2/MmO+M0vlhiX0gv7ghbbRz11wnPqpxjVr8Ekc7JllJ8mrWR/h34OdJm459HRyUEsjZnTGRNMnpjIsShkWFMUqDT9v1FqmVJJdyKcpuwnO+7M6fIW5kb0bfPU0afM4Pt+JjkylKujaLGa9Po9XFVez8Ub3rIRj/DlGL/0RPGwztd0aMOokpXbRU119RleSbbbb8t2xLD00oZkk5tP/tsbk01fdmpfg0VrWYouSafJQRC7BJZQSLBTGQXkouMGzRhwOctsIynLxFWysfEeOX0SQyesy6XHPDDPKCu5qEqt+BEvovUbtM7aywkuU3HbRmzeqOUnLJGMpd5L5W/r5Obrde5yaUm19Tl5c7b6m8c7Xf8A2zFlkmp7H4fCCeRxSbi3HzHk8tLM13JDVSg+JNIqeT2OOEMuFZMeRNJ1NPrDw37e4MouMtr6nC0mte5NOp+TpYtTvpN/QrWtaQVchRalBNd3/YJRLFCkXtGKIW0oVtJtG7SbSj6NZLBsh852EQElgHZYFl2ARLBsqyKOy7F2XYBFgWWmQESwLLsA0y7AslkU2yr5BT4LTANMNMUmEmA+Mg0xCYcWVDlLoNjLgy7qJ8T3A2we+STnGP1sxesYNHjxSyT1Ep5O0ccO/wBX/gnx1G2+X4OX6lmk09qvJ79irK4GrSU6ap+DDnuK4i6+gepz5fiNOcn/ANsqQUcuL4dZMmRt9uf7nOukczJlgvvJ/gIlq8HS2n7o6U9NinzFtfUy59Fi28/oWYe2CWaMn8rTE526tPlB5dHTbxyEvcotTXJ0jF/2TqJR1enlim+ZJp+5r0WLRfaL7PQ9D10Y4fXdA3PS5JSqOoh3V+f8HMypwnaNMdJj9SxxuTx6jG90MkHUovyjWa4157U/ZrWxnLDH0vVxy9Ftg5L8+howfYr1TBjjqNdppYI9Ywl976vweon6/wDav0GCp49XjrjJstv6nP8AVv8AqJ61rdJLFrcWCKpq1Gmhf8l+MXHlfs+/h+ramK6KR9D9My/CaZ87+zeJwWTUSbe5vlnrtFqt9JPk119Xj46H2g1D1GZqP3Dz/qOow6LSvLnk1FcJLq34O1qsbcNzPBfaLW6n95Ys2mbhHSZYuE0rSyL5k/0Qk24vV8YR6p6vqseeWKGGellHrHJBxmvqn0MuH1TWZHt+PNS+oz7Reteq/af1rU+q+taier1+eviZXFLhKkqXCSSEelaSebXYYRVtu39DrZI471Xa9K9QzfHhDUTct3Cs9IsiqjzOt07w+o6TFji9+9cHa9ahl0kseXH06NHKzXbjqyex6p/JJI40p8s3PMs+HdHrXQ50ncmIdGwfI6LEwQ6KKSGxGpCojoImtYJcFT5XT8i5OgJMsRSddQrFsq6AY5AS59mU3ZUgVFNp8j4TMbGY2+5WXRw53jkmmd/QesQ2KGVKa/1wUv14Z5Ry44D02SSycGoPW6nU6LLytNKL/wBGRpfk7ME5Qt7IyS95X/YvTuOXDclQqfDoNRLIwS0wCQ6HLXNCEOx22kurKHarOtNgjkjw5WsS78dZv/Zf8Hl9Xq5OLSfU7nr2WOWe/Hxix44YMa+itv8AFs8xn5bNRz6pM877ipZmypq2Wsb8GnMpzkRSY74L8AODXYqG6fJTOpp83KVnGjwzXp5/Mgsr13p7eSEUubZtjE5HomWs6V8dUdyC6e5qOkodpe0ZRdFUraTaNolFHubKsops+c7Csu+ALJZAVk3AWU5BTLJYvcSyBlk3CtxdgN3E3CtxNwU6yWK3E3kDrJYrcTcA5S9y0xO5BKQDkwtwncXuoIcpBKdUZlIp5KA17+AZT4MjzN9A8ankkoQjKc30jFW2UMjvyN7IylXhHM9Sc1ujJqK7q7Z19XjwaDDeqyqeof8A7ON2o/8Ac/PsvzPNazUSz5HJ1GPaK6IUk1z5w+Z0B8FvtZrjjlN1FNm/T6KTrdS+ro5u09OZixJKnF35Kz6ZShW2V/6Wmepxemw2qW+N+LM2r0WNu/iRT+jKza8HqsWXDNuLU4e6poXs+LG3Gmeq1miTi7y42vLT/wAHKnpUn8s8UvpL/KNxmvPanTvlpGfCp4silBtNHo8milL+Xj25M0vT3F27/I1KxYmH1L+A45o3x1R5L1rTLX6nbBbYN8uj1EsUbcerRmz6XfDhVZqXGbzrzGojDSYceDCvkiP9Lyyeogl3Y7LoceDUTya9yjhpKL8HWwehw2Q1GkyRnCSuMkzUm
Build info: version: '4.5.0', revision: 'fe167b119a'
System info: os.name: 'Windows 10', os.arch: 'amd64', os.version: '10.0', java.version: '1.8.0_202'
Driver info: org.openqa.selenium.chrome.ChromeDriver
Command: [3abbbdb9f5b164e60184f018df8c1a07, executeScript {script=return Math.max(document.body.scrollHeight, document.body.offsetHeight,
    document.documentElement.clientHeight, document.documentElement.scrollHeight, document.documentElement.offsetHeight);, args=[]}]
Capabilities {acceptInsecureCerts: false, browserName: chrome, browserVersion: 106.0.5249.119, chrome: {chromedriverVersion: 106.0.5249.61 (511755355844..., userDataDir: C:\Users\DELL\AppData\Local...}, goog:chromeOptions: {debuggerAddress: localhost:51636}, networkConnectionEnabled: false, pageLoadStrategy: normal, platformName: WINDOWS, proxy: Proxy(), se:cdp: ws://localhost:51636/devtoo..., se:cdpVersion: 106.0.5249.119, setWindowRect: true, strictFileInteractability: false, timeouts: {implicit: 0, pageLoad: 300000, script: 30000}, unhandledPromptBehavior: dismiss and notify, webauthn:extension:credBlob: true, webauthn:extension:largeBlob: true, webauthn:virtualAuthenticators: true}
Session ID: 3abbbdb9f5b164e60184f018df8c1a07
at org.openqa.selenium.remote.codec.w3c.W3CHttpResponseCodec.decode(W3CHttpResponseCodec.java:131)
at org.openqa.selenium.remote.codec.w3c.W3CHttpResponseCodec.decode(W3CHttpResponseCodec.java:53)
at org.openqa.selenium.remote.HttpCommandExecutor.execute(HttpCommandExecutor.java:184)
at org.openqa.selenium.remote.service.DriverCommandExecutor.invokeExecute(DriverCommandExecutor.java:167)
at org.openqa.selenium.remote.service.DriverCommandExecutor.execute(DriverCommandExecutor.java:142)
at org.openqa.selenium.remote.RemoteWebDriver.execute(RemoteWebDriver.java:547)
at org.openqa.selenium.remote.RemoteWebDriver.executeScript(RemoteWebDriver.java:481)
at ru.yandex.qatools.ashot.util.InnerScript.execute(InnerScript.java:30)
... 39 more
]]>
    </error>
  </testcase> <!-- AfterMethod -->
  <system-out/>
  <testcase name="test1" time="48.568" classname="GelCareers.GelCareers.Carrier_1">
    <error type="org.openqa.selenium.UnhandledAlertException" message="unexpected alert open: {Alert text : 1}
  (Session info: chrome=106.0.5249.119): 1
Build info: version: &#039;4.5.0&#039;, revision: &#039;fe167b119a&#039;
System info: os.name: &#039;Windows 10&#039;, os.arch: &#039;amd64&#039;, os.version: &#039;10.0&#039;, java.version: &#039;1.8.0_202&#039;
Driver info: org.openqa.selenium.chrome.ChromeDriver
Command: [3abbbdb9f5b164e60184f018df8c1a07, findElement {using=xpath, value=//select[@name=&quot;positions&quot;]/../label[@class=&quot;error&quot;]}]
Capabilities {acceptInsecureCerts: false, browserName: chrome, browserVersion: 106.0.5249.119, chrome: {chromedriverVersion: 106.0.5249.61 (511755355844..., userDataDir: C:\Users\DELL\AppData\Local...}, goog:chromeOptions: {debuggerAddress: localhost:51636}, networkConnectionEnabled: false, pageLoadStrategy: normal, platformName: WINDOWS, proxy: Proxy(), se:cdp: ws://localhost:51636/devtoo..., se:cdpVersion: 106.0.5249.119, setWindowRect: true, strictFileInteractability: false, timeouts: {implicit: 0, pageLoad: 300000, script: 30000}, unhandledPromptBehavior: dismiss and notify, webauthn:extension:credBlob: true, webauthn:extension:largeBlob: true, webauthn:virtualAuthenticators: true}
Session ID: 3abbbdb9f5b164e60184f018df8c1a07">
      <![CDATA[org.openqa.selenium.UnhandledAlertException: unexpected alert open: {Alert text : 1}
  (Session info: chrome=106.0.5249.119): 1
Build info: version: '4.5.0', revision: 'fe167b119a'
System info: os.name: 'Windows 10', os.arch: 'amd64', os.version: '10.0', java.version: '1.8.0_202'
Driver info: org.openqa.selenium.chrome.ChromeDriver
Command: [3abbbdb9f5b164e60184f018df8c1a07, findElement {using=xpath, value=//select[@name="positions"]/../label[@class="error"]}]
Capabilities {acceptInsecureCerts: false, browserName: chrome, browserVersion: 106.0.5249.119, chrome: {chromedriverVersion: 106.0.5249.61 (511755355844..., userDataDir: C:\Users\DELL\AppData\Local...}, goog:chromeOptions: {debuggerAddress: localhost:51636}, networkConnectionEnabled: false, pageLoadStrategy: normal, platformName: WINDOWS, proxy: Proxy(), se:cdp: ws://localhost:51636/devtoo..., se:cdpVersion: 106.0.5249.119, setWindowRect: true, strictFileInteractability: false, timeouts: {implicit: 0, pageLoad: 300000, script: 30000}, unhandledPromptBehavior: dismiss and notify, webauthn:extension:credBlob: true, webauthn:extension:largeBlob: true, webauthn:virtualAuthenticators: true}
Session ID: 3abbbdb9f5b164e60184f018df8c1a07
at org.openqa.selenium.remote.codec.w3c.W3CHttpResponseCodec.decode(W3CHttpResponseCodec.java:131)
at org.openqa.selenium.remote.codec.w3c.W3CHttpResponseCodec.decode(W3CHttpResponseCodec.java:53)
at org.openqa.selenium.remote.HttpCommandExecutor.execute(HttpCommandExecutor.java:184)
at org.openqa.selenium.remote.service.DriverCommandExecutor.invokeExecute(DriverCommandExecutor.java:167)
at org.openqa.selenium.remote.service.DriverCommandExecutor.execute(DriverCommandExecutor.java:142)
at org.openqa.selenium.remote.RemoteWebDriver.execute(RemoteWebDriver.java:547)
at org.openqa.selenium.remote.ElementLocation$ElementFinder$2.findElement(ElementLocation.java:162)
at org.openqa.selenium.remote.ElementLocation.findElement(ElementLocation.java:60)
at org.openqa.selenium.remote.RemoteWebDriver.findElement(RemoteWebDriver.java:365)
at org.openqa.selenium.remote.RemoteWebDriver.findElement(RemoteWebDriver.java:357)
at com.required.Testing_variables.check_absence_Validation(Testing_variables.java:331)
at GelCareers.GelCareers.Carrier_1.test1(Carrier_1.java:288)
at sun.reflect.NativeMethodAccessorImpl.invoke0(Native Method)
at sun.reflect.NativeMethodAccessorImpl.invoke(Unknown Source)
at sun.reflect.DelegatingMethodAccessorImpl.invoke(Unknown Source)
at java.lang.reflect.Method.invoke(Unknown Source)
at org.testng.internal.MethodInvocationHelper.invokeMethod(MethodInvocationHelper.java:132)
at org.testng.internal.TestInvoker.invokeMethod(TestInvoker.java:599)
at org.testng.internal.TestInvoker.invokeTestMethod(TestInvoker.java:174)
at org.testng.internal.MethodRunner.runInSequence(MethodRunner.java:46)
at org.testng.internal.TestInvoker$MethodInvocationAgent.invoke(TestInvoker.java:822)
at org.testng.internal.TestInvoker.invokeTestMethods(TestInvoker.java:147)
at org.testng.internal.TestMethodWorker.invokeTestMethods(TestMethodWorker.java:146)
at org.testng.internal.TestMethodWorker.run(TestMethodWorker.java:128)
at java.util.ArrayList.forEach(Unknown Source)
at org.testng.TestRunner.privateRun(TestRunner.java:764)
at org.testng.TestRunner.run(TestRunner.java:585)
at org.testng.SuiteRunner.runTest(SuiteRunner.java:384)
at org.testng.SuiteRunner.runSequentially(SuiteRunner.java:378)
at org.testng.SuiteRunner.privateRun(SuiteRunner.java:337)
at org.testng.SuiteRunner.run(SuiteRunner.java:286)
at org.testng.SuiteRunnerWorker.runSuite(SuiteRunnerWorker.java:53)
at org.testng.SuiteRunnerWorker.run(SuiteRunnerWorker.java:96)
at org.testng.TestNG.runSuitesSequentially(TestNG.java:1218)
at org.testng.TestNG.runSuitesLocally(TestNG.java:1140)
at org.testng.TestNG.runSuites(TestNG.java:1069)
at org.testng.TestNG.run(TestNG.java:1037)
at org.testng.remote.AbstractRemoteTestNG.run(AbstractRemoteTestNG.java:115)
at org.testng.remote.RemoteTestNG.initAndRun(RemoteTestNG.java:251)
at org.testng.remote.RemoteTestNG.main(RemoteTestNG.java:77)
]]>
    </error>
  </testcase> <!-- test1 -->
  <system-out/>
</testsuite> <!-- GelCareers.GelCareers.Carrier_1 -->
